This is pdfTeX, Version 3.14159265-2.6-1.40.21 (MiKTeX 2.9.7400 64-bit) (preloaded format=pdflatex 2020.5.12)  18 OCT 2020 18:32
entering extended mode
**./00_Bachelorarbeit_Paul_Theuer.tex
(00_Bachelorarbeit_Paul_Theuer.tex
LaTeX2e <2020-02-02> patch level 5
L3 programming layer <2020-04-06>
\c@Doc=\count167
\c@Language=\count168
\c@Degree=\count169
\c@Program=\count170
\c@SecondStud=\count171
\c@DegreeZwei=\count172
\c@ProgramZwei=\count173
\c@Examiner2=\count174
\c@Logo2=\count175

("C:\Users\Paul\AppData\Local\Programs\MiKTeX 2.9\tex/latex/koma-script\scrrepr
t.cls"
Document Class: scrreprt 2020/04/19 v3.30 KOMA-Script document class (report)

("C:\Users\Paul\AppData\Local\Programs\MiKTeX 2.9\tex/latex/koma-script\scrkbas
e.sty"
Package: scrkbase 2020/04/19 v3.30 KOMA-Script package (KOMA-Script-dependent b
asics and keyval usage)

("C:\Users\Paul\AppData\Local\Programs\MiKTeX 2.9\tex/latex/koma-script\scrbase
.sty"
Package: scrbase 2020/04/19 v3.30 KOMA-Script package (KOMA-Script-independent 
basics and keyval usage)

("C:\Users\Paul\AppData\Local\Programs\MiKTeX 2.9\tex/latex/graphics\keyval.sty
"
Package: keyval 2014/10/28 v1.15 key=value parser (DPC)
\KV@toks@=\toks15
)
("C:\Users\Paul\AppData\Local\Programs\MiKTeX 2.9\tex/latex/koma-script\scrlfil
e.sty"
Package: scrlfile 2020/04/19 v3.30 KOMA-Script package (loading files)
)))
("C:\Users\Paul\AppData\Local\Programs\MiKTeX 2.9\tex/latex/koma-script\tocbasi
c.sty"
Package: tocbasic 2020/04/19 v3.30 KOMA-Script package (handling toc-files)
\scr@dte@tocline@numberwidth=\skip47
\scr@dte@tocline@numbox=\box45
)
Package tocbasic Info: babel extension for `toc' omitted
(tocbasic)             because of missing \bbl@set@language on input line 137.
Package scrreprt Info: You've used standard option `12pt'.
(scrreprt)             This is correct!
(scrreprt)             Internally I'm using `fontsize=12pt'.
(scrreprt)             If you'd like to set the option with \KOMAoptions,
(scrreprt)             you'd have to use `fontsize=12pt' there
(scrreprt)             instead of `12pt', too.

("C:\Users\Paul\AppData\Local\Programs\MiKTeX 2.9\tex/latex/base\fleqn.clo"
File: fleqn.clo 2016/12/29 v1.2b Standard LaTeX option (flush left equations)
\mathindent=\dimen134
Applying: [2015/01/01] Make \[ robust on input line 50.
LaTeX Info: Redefining \[ on input line 51.
Already applied: [0000/00/00] Make \[ robust on input line 62.
Applying: [2015/01/01] Make \] robust on input line 74.
LaTeX Info: Redefining \] on input line 75.
Already applied: [0000/00/00] Make \] robust on input line 83.
)
Class scrreprt Info: File `scrsize12pt.clo' used to setup font sizes on input l
ine 2424.

("C:\Users\Paul\AppData\Local\Programs\MiKTeX 2.9\tex/latex/koma-script\scrsize
12pt.clo"
File: scrsize12pt.clo 2020/04/19 v3.30 KOMA-Script font size class option (12pt
)
)
("C:\Users\Paul\AppData\Local\Programs\MiKTeX 2.9\tex/latex/koma-script\typeare
a.sty"
Package: typearea 2020/04/19 v3.30 KOMA-Script package (type area)
\ta@bcor=\skip48
\ta@div=\count176
\ta@hblk=\skip49
\ta@vblk=\skip50
\ta@temp=\skip51
\footheight=\skip52
Package typearea Info: These are the values describing the layout:
(typearea)             DIV  = 12
(typearea)             BCOR = 0.0pt
(typearea)             \paperwidth      = 597.50793pt
(typearea)              \textwidth      = 448.13095pt
(typearea)              DIV departure   = -6%
(typearea)              \evensidemargin = 2.4185pt
(typearea)              \oddsidemargin  = 2.4185pt
(typearea)             \paperheight     = 845.04694pt
(typearea)              \textheight     = 635.5pt
(typearea)              \topmargin      = -41.72441pt
(typearea)              \headheight     = 18.125pt
(typearea)              \headsep        = 21.75pt
(typearea)              \topskip        = 12.0pt
(typearea)              \footskip       = 50.75pt
(typearea)              \baselineskip   = 14.5pt
(typearea)              on input line 1738.
)
\c@part=\count177
\c@chapter=\count178
\c@section=\count179
\c@subsection=\count180
\c@subsubsection=\count181
\c@paragraph=\count182
\c@subparagraph=\count183
\scr@dte@chapter@maxnumwidth=\skip53
Class scrreprt Info: using compatibility default `afterindent=bysign'
(scrreprt)           for `\chapter on input line 5588.
\scr@dte@section@maxnumwidth=\skip54
Class scrreprt Info: using compatibility default `runin=bysign'
(scrreprt)           for `\section on input line 5598.
Class scrreprt Info: using compatibility default `afterindent=bysign'
(scrreprt)           for `\section on input line 5598.
\scr@dte@part@maxnumwidth=\skip55
Class scrreprt Info: using compatibility default `afterindent=true'
(scrreprt)           for `\part on input line 5607.
\scr@dte@subsection@maxnumwidth=\skip56
Class scrreprt Info: using compatibility default `runin=bysign'
(scrreprt)           for `\subsection on input line 5617.
Class scrreprt Info: using compatibility default `afterindent=bysign'
(scrreprt)           for `\subsection on input line 5617.
\scr@dte@subsubsection@maxnumwidth=\skip57
Class scrreprt Info: using compatibility default `runin=bysign'
(scrreprt)           for `\subsubsection on input line 5627.
Class scrreprt Info: using compatibility default `afterindent=bysign'
(scrreprt)           for `\subsubsection on input line 5627.
\scr@dte@paragraph@maxnumwidth=\skip58
Class scrreprt Info: using compatibility default `runin=bysign'
(scrreprt)           for `\paragraph on input line 5637.
Class scrreprt Info: using compatibility default `afterindent=bysign'
(scrreprt)           for `\paragraph on input line 5637.
\scr@dte@subparagraph@maxnumwidth=\skip59
Class scrreprt Info: using compatibility default `runin=bysign'
(scrreprt)           for `\subparagraph on input line 5647.
Class scrreprt Info: using compatibility default `afterindent=bysign'
(scrreprt)           for `\subparagraph on input line 5647.
\abovecaptionskip=\skip60
\belowcaptionskip=\skip61
\c@pti@nb@sid@b@x=\box46
Package tocbasic Info: babel extension for `lof' omitted
(tocbasic)             because of missing \bbl@set@language on input line 6883.

\scr@dte@figure@maxnumwidth=\skip62
\c@figure=\count184
Package tocbasic Info: babel extension for `lot' omitted
(tocbasic)             because of missing \bbl@set@language on input line 6900.

\scr@dte@table@maxnumwidth=\skip63
\c@table=\count185
Class scrreprt Info: Redefining `\numberline' on input line 7069.
\bibindent=\dimen135
)
("C:\Users\Paul\AppData\Local\Programs\MiKTeX 2.9\tex/latex/geometry\geometry.s
ty"
Package: geometry 2020/01/02 v5.9 Page Geometry

("C:\Users\Paul\AppData\Local\Programs\MiKTeX 2.9\tex/generic/iftex\ifvtex.sty"
Package: ifvtex 2019/10/25 v1.7 ifvtex legacy package. Use iftex instead.
("C:\Users\Paul\AppData\Local\Programs\MiKTeX 2.9\tex/generic/iftex\iftex.sty"
Package: iftex 2020/03/06 v1.0d TeX engine tests
))
\Gm@cnth=\count186
\Gm@cntv=\count187
\c@Gm@tempcnt=\count188
\Gm@bindingoffset=\dimen136
\Gm@wd@mp=\dimen137
\Gm@odd@mp=\dimen138
\Gm@even@mp=\dimen139
\Gm@layoutwidth=\dimen140
\Gm@layoutheight=\dimen141
\Gm@layouthoffset=\dimen142
\Gm@layoutvoffset=\dimen143
\Gm@dimlist=\toks16

("C:\Users\Paul\AppData\Local\Programs\MiKTeX 2.9\tex/latex/geometry\geometry.c
fg"))
("C:\Users\Paul\AppData\Local\Programs\MiKTeX 2.9\tex/latex/amsfonts\amssymb.st
y"
Package: amssymb 2013/01/14 v3.01 AMS font symbols

("C:\Users\Paul\AppData\Local\Programs\MiKTeX 2.9\tex/latex/amsfonts\amsfonts.s
ty"
Package: amsfonts 2013/01/14 v3.01 Basic AMSFonts support
\@emptytoks=\toks17
\symAMSa=\mathgroup4
\symAMSb=\mathgroup5
LaTeX Font Info:    Redeclaring math symbol \hbar on input line 98.
LaTeX Font Info:    Overwriting math alphabet `\mathfrak' in version `bold'
(Font)                  U/euf/m/n --> U/euf/b/n on input line 106.
))
("C:\Users\Paul\AppData\Local\Programs\MiKTeX 2.9\tex/latex/amsmath\amsmath.sty
"
Package: amsmath 2020/01/20 v2.17e AMS math features
\@mathmargin=\skip64

For additional information on amsmath, use the `?' option.
("C:\Users\Paul\AppData\Local\Programs\MiKTeX 2.9\tex/latex/amsmath\amstext.sty
"
Package: amstext 2000/06/29 v2.01 AMS text
 ("C:\Users\Paul\AppData\Local\Programs\MiKTeX 2.9\tex/latex/amsmath\amsgen.sty
"
File: amsgen.sty 1999/11/30 v2.0 generic functions
\@emptytoks=\toks18
\ex@=\dimen144
))
("C:\Users\Paul\AppData\Local\Programs\MiKTeX 2.9\tex/latex/amsmath\amsbsy.sty"
Package: amsbsy 1999/11/29 v1.2d Bold Symbols
\pmbraise@=\dimen145
) ("C:\Users\Paul\AppData\Local\Programs\MiKTeX 2.9\tex/latex/amsmath\amsopn.st
y"
Package: amsopn 2016/03/08 v2.02 operator names
)
\inf@bad=\count189
LaTeX Info: Redefining \frac on input line 227.
\uproot@=\count190
\leftroot@=\count191
LaTeX Info: Redefining \overline on input line 389.
\classnum@=\count192
\DOTSCASE@=\count193
LaTeX Info: Redefining \ldots on input line 486.
LaTeX Info: Redefining \dots on input line 489.
LaTeX Info: Redefining \cdots on input line 610.
\Mathstrutbox@=\box47
\strutbox@=\box48
\big@size=\dimen146
LaTeX Font Info:    Redeclaring font encoding OML on input line 733.
LaTeX Font Info:    Redeclaring font encoding OMS on input line 734.
\macc@depth=\count194
\c@MaxMatrixCols=\count195
\dotsspace@=\muskip16
\c@parentequation=\count196
\dspbrk@lvl=\count197
\tag@help=\toks19
\row@=\count198
\column@=\count199
\maxfields@=\count266
\andhelp@=\toks20
\eqnshift@=\dimen147
\alignsep@=\dimen148
\tagshift@=\dimen149
\tagwidth@=\dimen150
\totwidth@=\dimen151
\lineht@=\dimen152
\@envbody=\toks21
\multlinegap=\skip65
\multlinetaggap=\skip66
\mathdisplay@stack=\toks22
LaTeX Info: Redefining \[ on input line 2859.
LaTeX Info: Redefining \] on input line 2860.
)
("C:\Users\Paul\AppData\Local\Programs\MiKTeX 2.9\tex/latex/newtx\newtxtext.sty
"
Package: newtxtext 2020/03/02 v1.625

`newtxtext' v1.625, 2020/03/02 Text macros taking advantage of TeX-Gyre Termes 
fonts (msharpe)
("C:\Users\Paul\AppData\Local\Programs\MiKTeX 2.9\tex/latex/fontaxes\fontaxes.s
ty"
Package: fontaxes 2014/03/23 v1.0d Font selection axes
LaTeX Info: Redefining \upshape on input line 29.
LaTeX Info: Redefining \itshape on input line 31.
LaTeX Info: Redefining \slshape on input line 33.
LaTeX Info: Redefining \swshape on input line 35.
LaTeX Info: Redefining \scshape on input line 37.
LaTeX Info: Redefining \sscshape on input line 39.
LaTeX Info: Redefining \ulcshape on input line 41.
LaTeX Info: Redefining \textsw on input line 47.
LaTeX Info: Redefining \textssc on input line 48.
LaTeX Info: Redefining \textulc on input line 49.
)
\ntx@fs=\dimen153

("C:\Users\Paul\AppData\Local\Programs\MiKTeX 2.9\tex/latex/xkeyval\xkeyval.sty
"
Package: xkeyval 2014/12/03 v2.7a package option processing (HA)

("C:\Users\Paul\AppData\Local\Programs\MiKTeX 2.9\tex/generic/xkeyval\xkeyval.t
ex"
("C:\Users\Paul\AppData\Local\Programs\MiKTeX 2.9\tex/generic/xkeyval\xkvutils.
tex"
\XKV@toks=\toks23
\XKV@tempa@toks=\toks24
)
\XKV@depth=\count267
File: xkeyval.tex 2014/12/03 v2.7a key=value parser (HA)
))
("C:\Users\Paul\AppData\Local\Programs\MiKTeX 2.9\tex/latex/etoolbox\etoolbox.s
ty"
Package: etoolbox 2019/09/21 v2.5h e-TeX tools for LaTeX (JAW)
\etb@tempcnta=\count268
)
("C:\Users\Paul\AppData\Local\Programs\MiKTeX 2.9\tex/latex/base\fontenc.sty"
Package: fontenc 2020/02/11 v2.0o Standard LaTeX package
LaTeX Font Info:    Trying to load font information for T1+ntxtlf on input line
 112.

("C:\Users\Paul\AppData\Local\Programs\MiKTeX 2.9\tex/latex/newtx\t1ntxtlf.fd"
File: t1ntxtlf.fd 2015/01/17 v1.0 font definition file for T1/ntx/tlf
)
LaTeX Font Info:    Font shape `T1/ntxtlf/m/n' will be
(Font)              scaled to size 12.0pt on input line 112.
) ("C:\Users\Paul\AppData\Local\Programs\MiKTeX 2.9\tex/latex/base\textcomp.sty
"
Package: textcomp 2020/02/02 v2.0n Standard LaTeX package
LaTeX Font Info:    Changing ? sub-encoding to TS1/0 on input line 75.
)
\ntxt@cntz=\count269
LaTeX Font Info:    Redeclaring math symbol \mathsterling on input line 263.
)
("C:\Users\Paul\AppData\Local\Programs\MiKTeX 2.9\tex/latex/newtx\newtxmath.sty
"
Package: newtxmath 2020/05/02 v1.626

`newtxmath' v1.626, 2020/05/02 Math macros based originally on txfonts (msharpe
)
("C:\Users\Paul\AppData\Local\Programs\MiKTeX 2.9\tex/generic/iftex\ifxetex.sty
"
Package: ifxetex 2019/10/25 v0.7 ifxetex legacy package. Use iftex instead.
)
("C:\Users\Paul\AppData\Local\Programs\MiKTeX 2.9\tex/generic/iftex\ifluatex.st
y"
Package: ifluatex 2019/10/25 v1.5 ifluatex legacy package. Use iftex instead.
)
("C:\Users\Paul\AppData\Local\Programs\MiKTeX 2.9\tex/latex/oberdiek\centernot.
sty"
Package: centernot 2016/05/16 v1.4 Centers the not symbol horizontally (HO)
)
\tx@cntz=\count270

("C:\Users\Paul\AppData\Local\Programs\MiKTeX 2.9\tex/generic/binhex\binhex.tex
")
\tx@Isdigit=\count271
\tx@IsAlNum=\count272
\tx@tA=\toks25
\tx@tB=\toks26
\tx@su=\read2
LaTeX Font Info:    Redeclaring symbol font `operators' on input line 320.
LaTeX Font Info:    Overwriting symbol font `operators' in version `normal'
(Font)                  OT1/cmr/m/n --> OT1/ntxtlf/m/n on input line 320.
LaTeX Font Info:    Overwriting symbol font `operators' in version `bold'
(Font)                  OT1/cmr/bx/n --> OT1/ntxtlf/m/n on input line 320.
LaTeX Font Info:    Overwriting symbol font `operators' in version `bold'
(Font)                  OT1/ntxtlf/m/n --> OT1/ntxtlf/b/n on input line 321.
LaTeX Font Info:    Redeclaring math alphabet \mathsf on input line 329.
LaTeX Font Info:    Overwriting math alphabet `\mathsf' in version `normal'
(Font)                  OT1/cmss/m/n --> T1/qhv/m/n on input line 329.
LaTeX Font Info:    Overwriting math alphabet `\mathsf' in version `bold'
(Font)                  OT1/cmss/bx/n --> T1/qhv/m/n on input line 329.
LaTeX Font Info:    Redeclaring math alphabet \mathit on input line 330.
LaTeX Font Info:    Overwriting math alphabet `\mathit' in version `normal'
(Font)                  OT1/cmr/m/it --> OT1/ntxtlf/m/it on input line 330.
LaTeX Font Info:    Overwriting math alphabet `\mathit' in version `bold'
(Font)                  OT1/cmr/bx/it --> OT1/ntxtlf/m/it on input line 330.
LaTeX Font Info:    Redeclaring math alphabet \mathtt on input line 331.
LaTeX Font Info:    Overwriting math alphabet `\mathtt' in version `normal'
(Font)                  OT1/cmtt/m/n --> T1/ntxtt/m/n on input line 331.
LaTeX Font Info:    Overwriting math alphabet `\mathtt' in version `bold'
(Font)                  OT1/cmtt/m/n --> T1/ntxtt/m/n on input line 331.
LaTeX Font Info:    Redeclaring math alphabet \mathbf on input line 333.
LaTeX Font Info:    Overwriting math alphabet `\mathbf' in version `normal'
(Font)                  OT1/cmr/bx/n --> OT1/ntxtlf/b/n on input line 333.
LaTeX Font Info:    Overwriting math alphabet `\mathbf' in version `bold'
(Font)                  OT1/cmr/bx/n --> OT1/ntxtlf/b/n on input line 333.
LaTeX Font Info:    Overwriting math alphabet `\mathit' in version `bold'
(Font)                  OT1/ntxtlf/m/it --> OT1/ntxtlf/b/it on input line 334.
LaTeX Font Info:    Overwriting math alphabet `\mathsf' in version `bold'
(Font)                  T1/qhv/m/n --> T1/qhv/b/n on input line 335.
LaTeX Font Info:    Overwriting math alphabet `\mathtt' in version `bold'
(Font)                  T1/ntxtt/m/n --> T1/ntxtt/b/n on input line 336.
LaTeX Font Info:    Redeclaring symbol font `letters' on input line 425.
LaTeX Font Info:    Overwriting symbol font `letters' in version `normal'
(Font)                  OML/cmm/m/it --> OML/ntxmi/m/it on input line 425.
LaTeX Font Info:    Overwriting symbol font `letters' in version `bold'
(Font)                  OML/cmm/b/it --> OML/ntxmi/m/it on input line 425.
LaTeX Font Info:    Overwriting symbol font `letters' in version `bold'
(Font)                  OML/ntxmi/m/it --> OML/ntxmi/b/it on input line 426.
\symlettersA=\mathgroup6
LaTeX Font Info:    Overwriting symbol font `lettersA' in version `bold'
(Font)                  U/ntxmia/m/it --> U/ntxmia/b/it on input line 479.
LaTeX Font Info:    Redeclaring math alphabet \mathfrak on input line 481.
Now handling font encoding LMS ...
... no UTF-8 mapping file for font encoding LMS
LaTeX Font Info:    Redeclaring symbol font `symbols' on input line 500.
LaTeX Font Info:    Encoding `OMS' has changed to `LMS' for symbol font
(Font)              `symbols' in the math version `normal' on input line 500.
LaTeX Font Info:    Overwriting symbol font `symbols' in version `normal'
(Font)                  OMS/cmsy/m/n --> LMS/ntxsy/m/n on input line 500.
LaTeX Font Info:    Encoding `OMS' has changed to `LMS' for symbol font
(Font)              `symbols' in the math version `bold' on input line 500.
LaTeX Font Info:    Overwriting symbol font `symbols' in version `bold'
(Font)                  OMS/cmsy/b/n --> LMS/ntxsy/m/n on input line 500.
LaTeX Font Info:    Overwriting symbol font `symbols' in version `bold'
(Font)                  LMS/ntxsy/m/n --> LMS/ntxsy/b/n on input line 501.
\symAMSm=\mathgroup7
LaTeX Font Info:    Overwriting symbol font `AMSm' in version `bold'
(Font)                  U/ntxsym/m/n --> U/ntxsym/b/n on input line 524.
\symsymbolsC=\mathgroup8
LaTeX Font Info:    Overwriting symbol font `symbolsC' in version `bold'
(Font)                  U/ntxsyc/m/n --> U/ntxsyc/b/n on input line 545.
Now handling font encoding LMX ...
... no UTF-8 mapping file for font encoding LMX
LaTeX Font Info:    Redeclaring symbol font `largesymbols' on input line 558.
LaTeX Font Info:    Encoding `OMX' has changed to `LMX' for symbol font
(Font)              `largesymbols' in the math version `normal' on input line 5
58.
LaTeX Font Info:    Overwriting symbol font `largesymbols' in version `normal'
(Font)                  OMX/cmex/m/n --> LMX/ntxexx/m/n on input line 558.
LaTeX Font Info:    Encoding `OMX' has changed to `LMX' for symbol font
(Font)              `largesymbols' in the math version `bold' on input line 558
.
LaTeX Font Info:    Overwriting symbol font `largesymbols' in version `bold'
(Font)                  OMX/cmex/m/n --> LMX/ntxexx/m/n on input line 558.
LaTeX Font Info:    Overwriting symbol font `largesymbols' in version `bold'
(Font)                  LMX/ntxexx/m/n --> LMX/ntxexx/b/n on input line 559.
\symlargesymbolsTXA=\mathgroup9
LaTeX Font Info:    Overwriting symbol font `largesymbolsTXA' in version `bold'

(Font)                  U/ntxexa/m/n --> U/ntxexa/b/n on input line 573.
\tx@sbptoks=\toks27
LaTeX Font Info:    Redeclaring math delimiter \lfloor on input line 795.
LaTeX Font Info:    Redeclaring math delimiter \rfloor on input line 796.
LaTeX Font Info:    Redeclaring math delimiter \lceil on input line 797.
LaTeX Font Info:    Redeclaring math delimiter \rceil on input line 798.
LaTeX Font Info:    Redeclaring math delimiter \lbrace on input line 799.
LaTeX Font Info:    Redeclaring math delimiter \rbrace on input line 800.
LaTeX Font Info:    Redeclaring math delimiter \langle on input line 801.
LaTeX Font Info:    Redeclaring math delimiter \rangle on input line 803.
LaTeX Font Info:    Redeclaring math delimiter \arrowvert on input line 807.
LaTeX Font Info:    Redeclaring math delimiter \vert on input line 808.
LaTeX Font Info:    Redeclaring math accent \dot on input line 879.
LaTeX Font Info:    Redeclaring math accent \ddot on input line 880.
LaTeX Font Info:    Redeclaring math accent \vec on input line 1943.
\ntx@numstart=\count273
\ntx@UCstart=\count274
\ntx@lcstart=\count275
\ntx@tmpc=\count276
\ntx@imath=\count277
\ntx@jmath=\count278
LaTeX Info: Redefining \Bbbk on input line 2452.
LaTeX Info: Redefining \not on input line 2601.
)
("C:\Users\Paul\AppData\Local\Programs\MiKTeX 2.9\tex/latex/nicematrix\nicematr
ix.sty"
("C:\Users\Paul\AppData\Local\Programs\MiKTeX 2.9\tex/latex/pgf/basiclayer\pgfc
ore.sty"
("C:\Users\Paul\AppData\Local\Programs\MiKTeX 2.9\tex/latex/graphics\graphicx.s
ty"
Package: graphicx 2019/11/30 v1.2a Enhanced LaTeX Graphics (DPC,SPQR)

("C:\Users\Paul\AppData\Local\Programs\MiKTeX 2.9\tex/latex/graphics\graphics.s
ty"
Package: graphics 2019/11/30 v1.4a Standard LaTeX Graphics (DPC,SPQR)

("C:\Users\Paul\AppData\Local\Programs\MiKTeX 2.9\tex/latex/graphics\trig.sty"
Package: trig 2016/01/03 v1.10 sin cos tan (DPC)
)
("C:\Users\Paul\AppData\Local\Programs\MiKTeX 2.9\tex/latex/graphics-cfg\graphi
cs.cfg"
File: graphics.cfg 2016/06/04 v1.11 sample graphics configuration
)
Package graphics Info: Driver file: pdftex.def on input line 105.

("C:\Users\Paul\AppData\Local\Programs\MiKTeX 2.9\tex/latex/graphics-def\pdftex
.def"
File: pdftex.def 2018/01/08 v1.0l Graphics/color driver for pdftex
))
\Gin@req@height=\dimen154
\Gin@req@width=\dimen155
)
("C:\Users\Paul\AppData\Local\Programs\MiKTeX 2.9\tex/latex/pgf/systemlayer\pgf
sys.sty"
("C:\Users\Paul\AppData\Local\Programs\MiKTeX 2.9\tex/latex/pgf/utilities\pgfrc
s.sty"
("C:\Users\Paul\AppData\Local\Programs\MiKTeX 2.9\tex/generic/pgf/utilities\pgf
util-common.tex"
\pgfutil@everybye=\toks28
\pgfutil@tempdima=\dimen156
\pgfutil@tempdimb=\dimen157

("C:\Users\Paul\AppData\Local\Programs\MiKTeX 2.9\tex/generic/pgf/utilities\pgf
util-common-lists.tex"))
("C:\Users\Paul\AppData\Local\Programs\MiKTeX 2.9\tex/generic/pgf/utilities\pgf
util-latex.def"
\pgfutil@abb=\box49

("C:\Users\Paul\AppData\Local\Programs\MiKTeX 2.9\tex/latex/ms\everyshi.sty"
Package: everyshi 2001/05/15 v3.00 EveryShipout Package (MS)
))
("C:\Users\Paul\AppData\Local\Programs\MiKTeX 2.9\tex/generic/pgf/utilities\pgf
rcs.code.tex"
("C:\Users\Paul\AppData\Local\Programs\MiKTeX 2.9\tex/generic/pgf\pgf.revision.
tex")
Package: pgfrcs 2020/01/08 v3.1.5b (3.1.5b)
))
("C:\Users\Paul\AppData\Local\Programs\MiKTeX 2.9\tex/generic/pgf/systemlayer\p
gfsys.code.tex"
Package: pgfsys 2020/01/08 v3.1.5b (3.1.5b)

("C:\Users\Paul\AppData\Local\Programs\MiKTeX 2.9\tex/generic/pgf/utilities\pgf
keys.code.tex"
\pgfkeys@pathtoks=\toks29
\pgfkeys@temptoks=\toks30

("C:\Users\Paul\AppData\Local\Programs\MiKTeX 2.9\tex/generic/pgf/utilities\pgf
keysfiltered.code.tex"
\pgfkeys@tmptoks=\toks31
))
\pgf@x=\dimen158
\pgf@y=\dimen159
\pgf@xa=\dimen160
\pgf@ya=\dimen161
\pgf@xb=\dimen162
\pgf@yb=\dimen163
\pgf@xc=\dimen164
\pgf@yc=\dimen165
\pgf@xd=\dimen166
\pgf@yd=\dimen167
\w@pgf@writea=\write3
\r@pgf@reada=\read3
\c@pgf@counta=\count279
\c@pgf@countb=\count280
\c@pgf@countc=\count281
\c@pgf@countd=\count282
\t@pgf@toka=\toks32
\t@pgf@tokb=\toks33
\t@pgf@tokc=\toks34
\pgf@sys@id@count=\count283

("C:\Users\Paul\AppData\Local\Programs\MiKTeX 2.9\tex/generic/pgf/systemlayer\p
gf.cfg"
File: pgf.cfg 2020/01/08 v3.1.5b (3.1.5b)
)
Driver file for pgf: pgfsys-pdftex.def

("C:\Users\Paul\AppData\Local\Programs\MiKTeX 2.9\tex/generic/pgf/systemlayer\p
gfsys-pdftex.def"
File: pgfsys-pdftex.def 2020/01/08 v3.1.5b (3.1.5b)

("C:\Users\Paul\AppData\Local\Programs\MiKTeX 2.9\tex/generic/pgf/systemlayer\p
gfsys-common-pdf.def"
File: pgfsys-common-pdf.def 2020/01/08 v3.1.5b (3.1.5b)
)))
("C:\Users\Paul\AppData\Local\Programs\MiKTeX 2.9\tex/generic/pgf/systemlayer\p
gfsyssoftpath.code.tex"
File: pgfsyssoftpath.code.tex 2020/01/08 v3.1.5b (3.1.5b)
\pgfsyssoftpath@smallbuffer@items=\count284
\pgfsyssoftpath@bigbuffer@items=\count285
)
("C:\Users\Paul\AppData\Local\Programs\MiKTeX 2.9\tex/generic/pgf/systemlayer\p
gfsysprotocol.code.tex"
File: pgfsysprotocol.code.tex 2020/01/08 v3.1.5b (3.1.5b)
))
("C:\Users\Paul\AppData\Local\Programs\MiKTeX 2.9\tex/latex/xcolor\xcolor.sty"
Package: xcolor 2016/05/11 v2.12 LaTeX color extensions (UK)

("C:\Users\Paul\AppData\Local\Programs\MiKTeX 2.9\tex/latex/graphics-cfg\color.
cfg"
File: color.cfg 2016/01/02 v1.6 sample color configuration
)
Package xcolor Info: Driver file: pdftex.def on input line 225.
Package xcolor Info: Model `cmy' substituted by `cmy0' on input line 1348.
Package xcolor Info: Model `hsb' substituted by `rgb' on input line 1352.
Package xcolor Info: Model `RGB' extended on input line 1364.
Package xcolor Info: Model `HTML' substituted by `rgb' on input line 1366.
Package xcolor Info: Model `Hsb' substituted by `hsb' on input line 1367.
Package xcolor Info: Model `tHsb' substituted by `hsb' on input line 1368.
Package xcolor Info: Model `HSB' substituted by `hsb' on input line 1369.
Package xcolor Info: Model `Gray' substituted by `gray' on input line 1370.
Package xcolor Info: Model `wave' substituted by `hsb' on input line 1371.
)
("C:\Users\Paul\AppData\Local\Programs\MiKTeX 2.9\tex/generic/pgf/basiclayer\pg
fcore.code.tex"
Package: pgfcore 2020/01/08 v3.1.5b (3.1.5b)

("C:\Users\Paul\AppData\Local\Programs\MiKTeX 2.9\tex/generic/pgf/math\pgfmath.
code.tex"
("C:\Users\Paul\AppData\Local\Programs\MiKTeX 2.9\tex/generic/pgf/math\pgfmathc
alc.code.tex"
("C:\Users\Paul\AppData\Local\Programs\MiKTeX 2.9\tex/generic/pgf/math\pgfmathu
til.code.tex")
("C:\Users\Paul\AppData\Local\Programs\MiKTeX 2.9\tex/generic/pgf/math\pgfmathp
arser.code.tex"
\pgfmath@dimen=\dimen168
\pgfmath@count=\count286
\pgfmath@box=\box50
\pgfmath@toks=\toks35
\pgfmath@stack@operand=\toks36
\pgfmath@stack@operation=\toks37
)
("C:\Users\Paul\AppData\Local\Programs\MiKTeX 2.9\tex/generic/pgf/math\pgfmathf
unctions.code.tex"
("C:\Users\Paul\AppData\Local\Programs\MiKTeX 2.9\tex/generic/pgf/math\pgfmathf
unctions.basic.code.tex")
("C:\Users\Paul\AppData\Local\Programs\MiKTeX 2.9\tex/generic/pgf/math\pgfmathf
unctions.trigonometric.code.tex")
("C:\Users\Paul\AppData\Local\Programs\MiKTeX 2.9\tex/generic/pgf/math\pgfmathf
unctions.random.code.tex")
("C:\Users\Paul\AppData\Local\Programs\MiKTeX 2.9\tex/generic/pgf/math\pgfmathf
unctions.comparison.code.tex")
("C:\Users\Paul\AppData\Local\Programs\MiKTeX 2.9\tex/generic/pgf/math\pgfmathf
unctions.base.code.tex")
("C:\Users\Paul\AppData\Local\Programs\MiKTeX 2.9\tex/generic/pgf/math\pgfmathf
unctions.round.code.tex")
("C:\Users\Paul\AppData\Local\Programs\MiKTeX 2.9\tex/generic/pgf/math\pgfmathf
unctions.misc.code.tex")
("C:\Users\Paul\AppData\Local\Programs\MiKTeX 2.9\tex/generic/pgf/math\pgfmathf
unctions.integerarithmetics.code.tex")))
("C:\Users\Paul\AppData\Local\Programs\MiKTeX 2.9\tex/generic/pgf/math\pgfmathf
loat.code.tex"
\c@pgfmathroundto@lastzeros=\count287
))
("C:\Users\Paul\AppData\Local\Programs\MiKTeX 2.9\tex/generic/pgf/math\pgfint.c
ode.tex")
("C:\Users\Paul\AppData\Local\Programs\MiKTeX 2.9\tex/generic/pgf/basiclayer\pg
fcorepoints.code.tex"
File: pgfcorepoints.code.tex 2020/01/08 v3.1.5b (3.1.5b)
\pgf@picminx=\dimen169
\pgf@picmaxx=\dimen170
\pgf@picminy=\dimen171
\pgf@picmaxy=\dimen172
\pgf@pathminx=\dimen173
\pgf@pathmaxx=\dimen174
\pgf@pathminy=\dimen175
\pgf@pathmaxy=\dimen176
\pgf@xx=\dimen177
\pgf@xy=\dimen178
\pgf@yx=\dimen179
\pgf@yy=\dimen180
\pgf@zx=\dimen181
\pgf@zy=\dimen182
)
("C:\Users\Paul\AppData\Local\Programs\MiKTeX 2.9\tex/generic/pgf/basiclayer\pg
fcorepathconstruct.code.tex"
File: pgfcorepathconstruct.code.tex 2020/01/08 v3.1.5b (3.1.5b)
\pgf@path@lastx=\dimen183
\pgf@path@lasty=\dimen184
)
("C:\Users\Paul\AppData\Local\Programs\MiKTeX 2.9\tex/generic/pgf/basiclayer\pg
fcorepathusage.code.tex"
File: pgfcorepathusage.code.tex 2020/01/08 v3.1.5b (3.1.5b)
\pgf@shorten@end@additional=\dimen185
\pgf@shorten@start@additional=\dimen186
)
("C:\Users\Paul\AppData\Local\Programs\MiKTeX 2.9\tex/generic/pgf/basiclayer\pg
fcorescopes.code.tex"
File: pgfcorescopes.code.tex 2020/01/08 v3.1.5b (3.1.5b)
\pgfpic=\box51
\pgf@hbox=\box52
\pgf@layerbox@main=\box53
\pgf@picture@serial@count=\count288
)
("C:\Users\Paul\AppData\Local\Programs\MiKTeX 2.9\tex/generic/pgf/basiclayer\pg
fcoregraphicstate.code.tex"
File: pgfcoregraphicstate.code.tex 2020/01/08 v3.1.5b (3.1.5b)
\pgflinewidth=\dimen187
)
("C:\Users\Paul\AppData\Local\Programs\MiKTeX 2.9\tex/generic/pgf/basiclayer\pg
fcoretransformations.code.tex"
File: pgfcoretransformations.code.tex 2020/01/08 v3.1.5b (3.1.5b)
\pgf@pt@x=\dimen188
\pgf@pt@y=\dimen189
\pgf@pt@temp=\dimen190
)
("C:\Users\Paul\AppData\Local\Programs\MiKTeX 2.9\tex/generic/pgf/basiclayer\pg
fcorequick.code.tex"
File: pgfcorequick.code.tex 2020/01/08 v3.1.5b (3.1.5b)
)
("C:\Users\Paul\AppData\Local\Programs\MiKTeX 2.9\tex/generic/pgf/basiclayer\pg
fcoreobjects.code.tex"
File: pgfcoreobjects.code.tex 2020/01/08 v3.1.5b (3.1.5b)
)
("C:\Users\Paul\AppData\Local\Programs\MiKTeX 2.9\tex/generic/pgf/basiclayer\pg
fcorepathprocessing.code.tex"
File: pgfcorepathprocessing.code.tex 2020/01/08 v3.1.5b (3.1.5b)
)
("C:\Users\Paul\AppData\Local\Programs\MiKTeX 2.9\tex/generic/pgf/basiclayer\pg
fcorearrows.code.tex"
File: pgfcorearrows.code.tex 2020/01/08 v3.1.5b (3.1.5b)
\pgfarrowsep=\dimen191
)
("C:\Users\Paul\AppData\Local\Programs\MiKTeX 2.9\tex/generic/pgf/basiclayer\pg
fcoreshade.code.tex"
File: pgfcoreshade.code.tex 2020/01/08 v3.1.5b (3.1.5b)
\pgf@max=\dimen192
\pgf@sys@shading@range@num=\count289
\pgf@shadingcount=\count290
)
("C:\Users\Paul\AppData\Local\Programs\MiKTeX 2.9\tex/generic/pgf/basiclayer\pg
fcoreimage.code.tex"
File: pgfcoreimage.code.tex 2020/01/08 v3.1.5b (3.1.5b)

("C:\Users\Paul\AppData\Local\Programs\MiKTeX 2.9\tex/generic/pgf/basiclayer\pg
fcoreexternal.code.tex"
File: pgfcoreexternal.code.tex 2020/01/08 v3.1.5b (3.1.5b)
\pgfexternal@startupbox=\box54
))
("C:\Users\Paul\AppData\Local\Programs\MiKTeX 2.9\tex/generic/pgf/basiclayer\pg
fcorelayers.code.tex"
File: pgfcorelayers.code.tex 2020/01/08 v3.1.5b (3.1.5b)
)
("C:\Users\Paul\AppData\Local\Programs\MiKTeX 2.9\tex/generic/pgf/basiclayer\pg
fcoretransparency.code.tex"
File: pgfcoretransparency.code.tex 2020/01/08 v3.1.5b (3.1.5b)
)
("C:\Users\Paul\AppData\Local\Programs\MiKTeX 2.9\tex/generic/pgf/basiclayer\pg
fcorepatterns.code.tex"
File: pgfcorepatterns.code.tex 2020/01/08 v3.1.5b (3.1.5b)
)
("C:\Users\Paul\AppData\Local\Programs\MiKTeX 2.9\tex/generic/pgf/basiclayer\pg
fcorerdf.code.tex"
File: pgfcorerdf.code.tex 2020/01/08 v3.1.5b (3.1.5b)
)))
("C:\Users\Paul\AppData\Local\Programs\MiKTeX 2.9\tex/generic/pgf/modules\pgfmo
duleshapes.code.tex"
File: pgfmoduleshapes.code.tex 2020/01/08 v3.1.5b (3.1.5b)
\pgfnodeparttextbox=\box55
)
("C:\Users\Paul\AppData\Local\Programs\MiKTeX 2.9\tex/latex/l3packages/l3keys2e
\l3keys2e.sty"
("C:\Users\Paul\AppData\Local\Programs\MiKTeX 2.9\tex/latex/l3kernel\expl3.sty"
Package: expl3 2020-04-06 L3 programming layer (loader) 

("C:\Users\Paul\AppData\Local\Programs\MiKTeX 2.9\tex/latex/l3backend\l3backend
-pdfmode.def"
File: l3backend-pdfmode.def 2020-03-12 L3 backend support: PDF mode
\l__kernel_color_stack_int=\count291
\l__pdf_internal_box=\box56
))
Package: l3keys2e 2020-03-06 LaTeX2e option processing using LaTeX3 keys
)
Package: nicematrix 2020/09/03 v5.3 Enhanced arrays with the help of PGF/TikZ

("C:\Users\Paul\AppData\Local\Programs\MiKTeX 2.9\tex/latex/tools\array.sty"
Package: array 2019/08/31 v2.4l Tabular extension package (FMi)
\col@sep=\dimen193
\ar@mcellbox=\box57
\extrarowheight=\dimen194
\NC@list=\toks38
\extratabsurround=\skip67
\backup@length=\skip68
\ar@cellbox=\box58
)
("C:\Users\Paul\AppData\Local\Programs\MiKTeX 2.9\tex/latex/l3packages/xparse\x
parse.sty"
Package: xparse 2020-03-06 L3 Experimental document command parser
\l__xparse_current_arg_int=\count292
\g__xparse_grabber_int=\count293
\l__xparse_m_args_int=\count294
\l__xparse_v_nesting_int=\count295
)
\g__nicematrix_env_int=\count296
\g__nicematrix_NiceMatrixBlock_int=\count297
\l__nicematrix_columns_width_dim=\dimen195
\l__nicematrix_tabular_width_dim=\dimen196
\l__nicematrix_old_iRow_int=\count298
\l__nicematrix_old_jCol_int=\count299
\l__nicematrix_x_initial_dim=\dimen197
\l__nicematrix_y_initial_dim=\dimen198
\l__nicematrix_x_final_dim=\dimen199
\l__nicematrix_y_final_dim=\dimen256
\l_tmpc_dim=\dimen257
\l_tmpd_dim=\dimen258
\__nicematrix_old_arraycolsep_dim=\dimen259
\g__nicematrix_width_last_col_dim=\dimen260
\g__nicematrix_width_first_col_dim=\dimen261
\g__nicematrix_static_num_of_col_int=\count300
\l__nicematrix_first_row_int=\count301
\l__nicematrix_first_col_int=\count302
\l__nicematrix_last_row_int=\count303
\l__nicematrix_last_col_int=\count304
\c@tabularnote=\count305
\l__nicematrix_number_of_notes_int=\count306
\l__nicematrix_cell_space_top_limit_dim=\dimen262
\l__nicematrix_cell_space_bottom_limit_dim=\dimen263
\l__nicematrix_inter_dots_dim=\dimen264
\l__nicematrix_xdots_shorten_dim=\dimen265
\l__nicematrix_radius_dim=\dimen266
\l__nicematrix_notes_above_space_dim=\dimen267
\l__nicematrix_left_margin_dim=\dimen268
\l__nicematrix_right_margin_dim=\dimen269
\l__nicematrix_extra_left_margin_dim=\dimen270
\l__nicematrix_extra_right_margin_dim=\dimen271
\c__nicematrix_max_l_dim=\dimen272
)
("C:\Users\Paul\AppData\Local\Programs\MiKTeX 2.9\tex/latex/base\fontenc.sty"
Package: fontenc 2020/02/11 v2.0o Standard LaTeX package
)
("C:\Users\Paul\AppData\Local\Programs\MiKTeX 2.9\tex/latex/base\inputenc.sty"
Package: inputenc 2018/08/11 v1.3c Input encoding file
\inpenc@prehook=\toks39
\inpenc@posthook=\toks40
)
("C:\Users\Paul\AppData\Local\Programs\MiKTeX 2.9\tex/latex/setspace\setspace.s
ty"
Package: setspace 2011/12/19 v6.7a set line spacing
)
("C:\Users\Paul\AppData\Local\Programs\MiKTeX 2.9\tex/latex/textpos\textpos.sty
"
Package: textpos 2019/04/15 v1.9.1

Package: textpos 2019/04/15 1.9.1, absolute positioning of text on the page
\TP@textbox=\box59
\TPHorizModule=\dimen273
\TPVertModule=\dimen274
\TP@margin=\dimen275
\TP@absmargin=\dimen276
Grid set 16 x 16 = 37.34424pt x 52.81543pt
\TPboxrulesize=\dimen277
\TP@tbargs=\toks41
\TP@prevdepth=\dimen278
)
("C:\Users\Paul\AppData\Local\Programs\MiKTeX 2.9\tex/latex/caption\subcaption.
sty"
Package: subcaption 2020/01/22 v1.3d Sub-captions (AR)

("C:\Users\Paul\AppData\Local\Programs\MiKTeX 2.9\tex/latex/caption\caption.sty
"
Package: caption 2020/01/03 v3.4h Customizing captions (AR)

("C:\Users\Paul\AppData\Local\Programs\MiKTeX 2.9\tex/latex/caption\caption3.st
y"
Package: caption3 2020/01/03 v1.8h caption3 kernel (AR)
Package caption3 Info: TeX engine: e-TeX on input line 61.
\captionmargin=\dimen279
\captionmargin@=\dimen280
\captionwidth=\dimen281
\caption@tempdima=\dimen282
\caption@indent=\dimen283
\caption@parindent=\dimen284
\caption@hangindent=\dimen285
Package caption Info: KOMA-Script document class detected.
)
Package caption Info: KOMA-Script document class.
\c@caption@flags=\count307
\c@continuedfloat=\count308
)
\c@subfigure=\count309
\c@subtable=\count310
)
("C:\Users\Paul\AppData\Local\Programs\MiKTeX 2.9\tex/latex/koma-script\scrlaye
r-scrpage.sty"
Package: scrlayer-scrpage 2020/04/19 v3.30 KOMA-Script package (end user interf
ace for scrlayer)

("C:\Users\Paul\AppData\Local\Programs\MiKTeX 2.9\tex/latex/koma-script\scrlaye
r.sty"
Package: scrlayer 2020/04/19 v3.30 KOMA-Script package (defining layers and pag
e styles)
Package scrlayer Info: Using already defined \footheight
(scrlayer)             hoping, that this is a length and
(scrlayer)             not only a macro on input line 109.
Package scrlayer Info: patching LaTeX kernel macro \pagestyle on input line 210
6.
)
Package scrlayer-scrpage Info: Makeing stand-alone element `pagehead' from
(scrlayer-scrpage)             alias to `pageheadfoot' on input line 1244.
Package scrlayer-scrpage Info: deactivating warning for font element
(scrlayer-scrpage)             `pagefoot' on input line 1271.
)
Package scrlayer-scrpage Info: auto-selection of `pagestyleset=KOMA-Script'.

1: section
1: chapter
1: chapter
1: section
("C:\Users\Paul\AppData\Local\Programs\MiKTeX 2.9\tex/latex/base\ifthen.sty"
Package: ifthen 2014/09/29 v1.1c Standard LaTeX ifthen package (DPC)
)
("C:\Users\Paul\AppData\Local\Programs\MiKTeX 2.9\tex/latex/pgf/frontendlayer\t
ikz.sty"
("C:\Users\Paul\AppData\Local\Programs\MiKTeX 2.9\tex/latex/pgf/basiclayer\pgf.
sty"
Package: pgf 2020/01/08 v3.1.5b (3.1.5b)

("C:\Users\Paul\AppData\Local\Programs\MiKTeX 2.9\tex/generic/pgf/modules\pgfmo
duleplot.code.tex"
File: pgfmoduleplot.code.tex 2020/01/08 v3.1.5b (3.1.5b)
)
("C:\Users\Paul\AppData\Local\Programs\MiKTeX 2.9\tex/latex/pgf/compatibility\p
gfcomp-version-0-65.sty"
Package: pgfcomp-version-0-65 2020/01/08 v3.1.5b (3.1.5b)
\pgf@nodesepstart=\dimen286
\pgf@nodesepend=\dimen287
)
("C:\Users\Paul\AppData\Local\Programs\MiKTeX 2.9\tex/latex/pgf/compatibility\p
gfcomp-version-1-18.sty"
Package: pgfcomp-version-1-18 2020/01/08 v3.1.5b (3.1.5b)
))
("C:\Users\Paul\AppData\Local\Programs\MiKTeX 2.9\tex/latex/pgf/utilities\pgffo
r.sty"
("C:\Users\Paul\AppData\Local\Programs\MiKTeX 2.9\tex/latex/pgf/utilities\pgfke
ys.sty"
("C:\Users\Paul\AppData\Local\Programs\MiKTeX 2.9\tex/generic/pgf/utilities\pgf
keys.code.tex"))
("C:\Users\Paul\AppData\Local\Programs\MiKTeX 2.9\tex/latex/pgf/math\pgfmath.st
y"
("C:\Users\Paul\AppData\Local\Programs\MiKTeX 2.9\tex/generic/pgf/math\pgfmath.
code.tex"))
("C:\Users\Paul\AppData\Local\Programs\MiKTeX 2.9\tex/generic/pgf/utilities\pgf
for.code.tex"
Package: pgffor 2020/01/08 v3.1.5b (3.1.5b)

("C:\Users\Paul\AppData\Local\Programs\MiKTeX 2.9\tex/generic/pgf/math\pgfmath.
code.tex")
\pgffor@iter=\dimen288
\pgffor@skip=\dimen289
\pgffor@stack=\toks42
\pgffor@toks=\toks43
))
("C:\Users\Paul\AppData\Local\Programs\MiKTeX 2.9\tex/generic/pgf/frontendlayer
/tikz\tikz.code.tex"
Package: tikz 2020/01/08 v3.1.5b (3.1.5b)

("C:\Users\Paul\AppData\Local\Programs\MiKTeX 2.9\tex/generic/pgf/libraries\pgf
libraryplothandlers.code.tex"
File: pgflibraryplothandlers.code.tex 2020/01/08 v3.1.5b (3.1.5b)
\pgf@plot@mark@count=\count311
\pgfplotmarksize=\dimen290
)
\tikz@lastx=\dimen291
\tikz@lasty=\dimen292
\tikz@lastxsaved=\dimen293
\tikz@lastysaved=\dimen294
\tikz@lastmovetox=\dimen295
\tikz@lastmovetoy=\dimen296
\tikzleveldistance=\dimen297
\tikzsiblingdistance=\dimen298
\tikz@figbox=\box60
\tikz@figbox@bg=\box61
\tikz@tempbox=\box62
\tikz@tempbox@bg=\box63
\tikztreelevel=\count312
\tikznumberofchildren=\count313
\tikznumberofcurrentchild=\count314
\tikz@fig@count=\count315

("C:\Users\Paul\AppData\Local\Programs\MiKTeX 2.9\tex/generic/pgf/modules\pgfmo
dulematrix.code.tex"
File: pgfmodulematrix.code.tex 2020/01/08 v3.1.5b (3.1.5b)
\pgfmatrixcurrentrow=\count316
\pgfmatrixcurrentcolumn=\count317
\pgf@matrix@numberofcolumns=\count318
)
\tikz@expandcount=\count319

("C:\Users\Paul\AppData\Local\Programs\MiKTeX 2.9\tex/generic/pgf/frontendlayer
/tikz/libraries\tikzlibrarytopaths.code.tex"
File: tikzlibrarytopaths.code.tex 2020/01/08 v3.1.5b (3.1.5b)
)))
("C:\Users\Paul\AppData\Local\Programs\MiKTeX 2.9\tex/latex/csquotes\csquotes.s
ty"
Package: csquotes 2019-12-06 v5.2j context-sensitive quotations (JAW)
\csq@reset=\count320
\csq@gtype=\count321
\csq@glevel=\count322
\csq@qlevel=\count323
\csq@maxlvl=\count324
\csq@tshold=\count325
\csq@ltx@everypar=\toks44

("C:\Users\Paul\AppData\Local\Programs\MiKTeX 2.9\tex/latex/csquotes\csquotes.d
ef"
File: csquotes.def 2019-12-06 v5.2j csquotes generic definitions (JAW)
)
Package csquotes Info: Trying to load configuration file 'csquotes.cfg'...
Package csquotes Info: ... configuration file loaded successfully.

("C:\Users\Paul\AppData\Local\Programs\MiKTeX 2.9\tex/latex/csquotes\csquotes.c
fg"
File: csquotes.cfg 
))
("C:\Users\Paul\AppData\Local\Programs\MiKTeX 2.9\tex/latex/xpatch\xpatch.sty"
Package: xpatch 2020/03/25 v0.3a Extending etoolbox patching commands
) ("C:\Users\Paul\AppData\Local\Programs\MiKTeX 2.9\tex/generic/babel\babel.sty
"
Package: babel 2020/04/28 3.43 The Babel package
("C:\Users\Paul\AppData\Local\Programs\MiKTeX 2.9\tex/generic/babel\babel.def"
File: babel.def 2020/04/28 3.43 Babel common definitions
\babel@savecnt=\count326
\U@D=\dimen299

("C:\Users\Paul\AppData\Local\Programs\MiKTeX 2.9\tex/generic/babel\txtbabel.de
f")
\bbl@readstream=\read4
)
\bbl@dirlevel=\count327

*************************************
* Local config file bblopts.cfg used
*
("C:\Users\Paul\AppData\Local\Programs\MiKTeX 2.9\tex/latex/arabi\bblopts.cfg"
File: bblopts.cfg 2005/09/08 v0.1 add Arabic and Farsi to "declared" options of
 babel
)
("C:\Users\Paul\AppData\Local\Programs\MiKTeX 2.9\tex/latex/babel-german\ngerma
n.ldf"
Language: ngerman 2018/12/08 v2.11 German support for babel (post-1996 orthogra
phy)

("C:\Users\Paul\AppData\Local\Programs\MiKTeX 2.9\tex/latex/babel-german\ngerma
nb.ldf"
Language: ngermanb 2018/12/08 v2.11 German support for babel (post-1996 orthogr
aphy)
Package babel Info: Making " an active character on input line 121.
)))
("C:\Users\Paul\AppData\Local\Programs\MiKTeX 2.9\tex/latex/blindtext\blindtext
.sty"
Package: blindtext 2012/01/06 V2.0 blindtext-Package

("C:\Users\Paul\AppData\Local\Programs\MiKTeX 2.9\tex/latex/tools\xspace.sty"
Package: xspace 2014/10/28 v1.13 Space after command names (DPC,MH)
)
\c@blindtext=\count328
\c@Blindtext=\count329
\c@blind@countparstart=\count330
\blind@countxx=\count331
\blindtext@numBlindtext=\count332
\blind@countyy=\count333
\c@blindlist=\count334
\c@blindlistlevel=\count335
\c@blindlist@level=\count336
\blind@listitem=\count337
\c@blind@listcount=\count338
\c@blind@levelcount=\count339
\blind@mathformula=\count340
\blind@Mathformula=\count341
\c@blind@randomcount=\count342
\c@blind@randommax=\count343
\c@blind@pangramcount=\count344
\c@blind@pangrammax=\count345
)
("C:\Users\Paul\AppData\Local\Programs\MiKTeX 2.9\tex/latex/biblatex\biblatex.s
ty"
Package: biblatex 2019/12/01 v3.14 programmable bibliographies (PK/MW)

("C:\Users\Paul\AppData\Local\Programs\MiKTeX 2.9\tex/latex/pdftexcmds\pdftexcm
ds.sty"
Package: pdftexcmds 2019/11/24 v0.31 Utility functions of pdfTeX for LuaTeX (HO
)

("C:\Users\Paul\AppData\Local\Programs\MiKTeX 2.9\tex/generic/infwarerr\infware
rr.sty"
Package: infwarerr 2019/12/03 v1.5 Providing info/warning/error messages (HO)
)
("C:\Users\Paul\AppData\Local\Programs\MiKTeX 2.9\tex/generic/ltxcmds\ltxcmds.s
ty"
Package: ltxcmds 2019/12/15 v1.24 LaTeX kernel commands for general use (HO)
)
Package pdftexcmds Info: \pdf@primitive is available.
Package pdftexcmds Info: \pdf@ifprimitive is available.
Package pdftexcmds Info: \pdfdraftmode found.
)
("C:\Users\Paul\AppData\Local\Programs\MiKTeX 2.9\tex/latex/kvoptions\kvoptions
.sty"
Package: kvoptions 2019/11/29 v3.13 Key value format for package options (HO)

("C:\Users\Paul\AppData\Local\Programs\MiKTeX 2.9\tex/generic/kvsetkeys\kvsetke
ys.sty"
Package: kvsetkeys 2019/12/15 v1.18 Key value parser (HO)
))
("C:\Users\Paul\AppData\Local\Programs\MiKTeX 2.9\tex/latex/logreq\logreq.sty"
Package: logreq 2010/08/04 v1.0 xml request logger
\lrq@indent=\count346

("C:\Users\Paul\AppData\Local\Programs\MiKTeX 2.9\tex/latex/logreq\logreq.def"
File: logreq.def 2010/08/04 v1.0 logreq spec v1.0
)) ("C:\Users\Paul\AppData\Local\Programs\MiKTeX 2.9\tex/latex/url\url.sty"
\Urlmuskip=\muskip17
Package: url 2013/09/16  ver 3.4  Verb mode for urls, etc.
)
\c@tabx@nest=\count347
\c@listtotal=\count348
\c@listcount=\count349
\c@liststart=\count350
\c@liststop=\count351
\c@citecount=\count352
\c@citetotal=\count353
\c@multicitecount=\count354
\c@multicitetotal=\count355
\c@instcount=\count356
\c@maxnames=\count357
\c@minnames=\count358
\c@maxitems=\count359
\c@minitems=\count360
\c@citecounter=\count361
\c@maxcitecounter=\count362
\c@savedcitecounter=\count363
\c@uniquelist=\count364
\c@uniquename=\count365
\c@refsection=\count366
\c@refsegment=\count367
\c@maxextratitle=\count368
\c@maxextratitleyear=\count369
\c@maxextraname=\count370
\c@maxextradate=\count371
\c@maxextraalpha=\count372
\c@abbrvpenalty=\count373
\c@highnamepenalty=\count374
\c@lownamepenalty=\count375
\c@maxparens=\count376
\c@parenlevel=\count377
\blx@tempcnta=\count378
\blx@tempcntb=\count379
\blx@tempcntc=\count380
\blx@maxsection=\count381
\blx@maxsegment@0=\count382
\blx@notetype=\count383
\blx@parenlevel@text=\count384
\blx@parenlevel@foot=\count385
\blx@sectionciteorder@0=\count386
\blx@entrysetcounter=\count387
\labelnumberwidth=\skip69
\labelalphawidth=\skip70
\biblabelsep=\skip71
\bibitemsep=\skip72
\bibnamesep=\skip73
\bibinitsep=\skip74
\bibparsep=\skip75
\bibhang=\skip76
\blx@bcfin=\read5
\blx@bcfout=\write4
\blx@langwohyphens=\language78
\c@mincomprange=\count388
\c@maxcomprange=\count389
\c@mincompwidth=\count390
Package biblatex Info: Trying to load biblatex default data model...
Package biblatex Info: ... file 'blx-dm.def' found.

("C:\Users\Paul\AppData\Local\Programs\MiKTeX 2.9\tex/latex/biblatex\blx-dm.def
"
File: blx-dm.def 2019/12/01 v3.14 biblatex localization (PK/MW)
)
Package biblatex Info: Trying to load biblatex style data model...
Package biblatex Info: ... file 'authoryear.dbx' not found.
Package biblatex Info: Trying to load biblatex custom data model...
Package biblatex Info: ... file 'biblatex-dm.cfg' not found.
\c@afterword=\count391
\c@savedafterword=\count392
\c@annotator=\count393
\c@savedannotator=\count394
\c@author=\count395
\c@savedauthor=\count396
\c@bookauthor=\count397
\c@savedbookauthor=\count398
\c@commentator=\count399
\c@savedcommentator=\count400
\c@editor=\count401
\c@savededitor=\count402
\c@editora=\count403
\c@savededitora=\count404
\c@editorb=\count405
\c@savededitorb=\count406
\c@editorc=\count407
\c@savededitorc=\count408
\c@foreword=\count409
\c@savedforeword=\count410
\c@holder=\count411
\c@savedholder=\count412
\c@introduction=\count413
\c@savedintroduction=\count414
\c@namea=\count415
\c@savednamea=\count416
\c@nameb=\count417
\c@savednameb=\count418
\c@namec=\count419
\c@savednamec=\count420
\c@translator=\count421
\c@savedtranslator=\count422
\c@shortauthor=\count423
\c@savedshortauthor=\count424
\c@shorteditor=\count425
\c@savedshorteditor=\count426
\c@labelname=\count427
\c@savedlabelname=\count428
\c@institution=\count429
\c@savedinstitution=\count430
\c@lista=\count431
\c@savedlista=\count432
\c@listb=\count433
\c@savedlistb=\count434
\c@listc=\count435
\c@savedlistc=\count436
\c@listd=\count437
\c@savedlistd=\count438
\c@liste=\count439
\c@savedliste=\count440
\c@listf=\count441
\c@savedlistf=\count442
\c@location=\count443
\c@savedlocation=\count444
\c@organization=\count445
\c@savedorganization=\count446
\c@origlocation=\count447
\c@savedoriglocation=\count448
\c@origpublisher=\count449
\c@savedorigpublisher=\count450
\c@publisher=\count451
\c@savedpublisher=\count452
\c@language=\count453
\c@savedlanguage=\count454
\c@origlanguage=\count455
\c@savedoriglanguage=\count456
\c@pageref=\count457
\c@savedpageref=\count458
\shorthandwidth=\skip77
\shortjournalwidth=\skip78
\shortserieswidth=\skip79
\shorttitlewidth=\skip80
\shortauthorwidth=\skip81
\shorteditorwidth=\skip82
\locallabelnumberwidth=\skip83
\locallabelalphawidth=\skip84
\localshorthandwidth=\skip85
\localshortjournalwidth=\skip86
\localshortserieswidth=\skip87
\localshorttitlewidth=\skip88
\localshortauthorwidth=\skip89
\localshorteditorwidth=\skip90
Package biblatex Info: Trying to load compatibility code...
Package biblatex Info: ... file 'blx-compat.def' found.

("C:\Users\Paul\AppData\Local\Programs\MiKTeX 2.9\tex/latex/biblatex\blx-compat
.def"
File: blx-compat.def 2019/12/01 v3.14 biblatex compatibility (PK/MW)
)
Package biblatex Info: Trying to load generic definitions...
Package biblatex Info: ... file 'biblatex.def' found.

("C:\Users\Paul\AppData\Local\Programs\MiKTeX 2.9\tex/latex/biblatex\biblatex.d
ef"
File: biblatex.def 2019/12/01 v3.14 biblatex compatibility (PK/MW)
\c@textcitecount=\count459
\c@textcitetotal=\count460
\c@textcitemaxnames=\count461
\c@biburlbigbreakpenalty=\count462
\c@biburlbreakpenalty=\count463
\c@biburlnumpenalty=\count464
\c@biburlucpenalty=\count465
\c@biburllcpenalty=\count466
\biburlbigskip=\muskip18
\biburlnumskip=\muskip19
\biburlucskip=\muskip20
\biburllcskip=\muskip21
\c@smartand=\count467
)
Package biblatex Info: Trying to load bibliography style 'authoryear'...
Package biblatex Info: ... file 'authoryear.bbx' found.

("C:\Users\Paul\AppData\Local\Programs\MiKTeX 2.9\tex/latex/biblatex/bbx\author
year.bbx"
File: authoryear.bbx 2019/12/01 v3.14 biblatex bibliography style (PK/MW)
Package biblatex Info: Trying to load bibliography style 'standard'...
Package biblatex Info: ... file 'standard.bbx' found.

("C:\Users\Paul\AppData\Local\Programs\MiKTeX 2.9\tex/latex/biblatex/bbx\standa
rd.bbx"
File: standard.bbx 2019/12/01 v3.14 biblatex bibliography style (PK/MW)
\c@bbx:relatedcount=\count468
\c@bbx:relatedtotal=\count469
))
Package biblatex Info: Trying to load citation style 'authoryear'...
Package biblatex Info: ... file 'authoryear.cbx' found.

("C:\Users\Paul\AppData\Local\Programs\MiKTeX 2.9\tex/latex/biblatex/cbx\author
year.cbx"
File: authoryear.cbx 2019/12/01 v3.14 biblatex citation style (PK/MW)
Package biblatex Info: Redefining '\cite'.
Package biblatex Info: Redefining '\parencite'.
Package biblatex Info: Redefining '\footcite'.
Package biblatex Info: Redefining '\footcitetext'.
Package biblatex Info: Redefining '\smartcite'.
Package biblatex Info: Redefining '\textcite'.
Package biblatex Info: Redefining '\textcites'.
)
Package biblatex Info: Trying to load configuration file...
Package biblatex Info: ... file 'biblatex.cfg' found.

("C:\Users\Paul\AppData\Local\Programs\MiKTeX 2.9\tex/latex/biblatex\biblatex.c
fg"
File: biblatex.cfg 
))
("C:\Users\Paul\AppData\Local\Programs\MiKTeX 2.9\tex/latex/listings\listings.s
ty"
\lst@mode=\count470
\lst@gtempboxa=\box64
\lst@token=\toks45
\lst@length=\count471
\lst@currlwidth=\dimen300
\lst@column=\count472
\lst@pos=\count473
\lst@lostspace=\dimen301
\lst@width=\dimen302
\lst@newlines=\count474
\lst@lineno=\count475
\lst@maxwidth=\dimen303

("C:\Users\Paul\AppData\Local\Programs\MiKTeX 2.9\tex/latex/listings\lstmisc.st
y"
File: lstmisc.sty 2020/03/24 1.8d (Carsten Heinz)
\c@lstnumber=\count476
\lst@skipnumbers=\count477
\lst@framebox=\box65
)
("C:\Users\Paul\AppData\Local\Programs\MiKTeX 2.9\tex/latex/listings\listings.c
fg"
File: listings.cfg 2020/03/24 1.8d listings configuration
))
Package: listings 2020/03/24 1.8d (Carsten Heinz)

("C:\Users\Paul\AppData\Local\Programs\MiKTeX 2.9\tex/latex/koma-script\scrhack
.sty"
Package: scrhack 2020/04/19 v3.30 KOMA-Script package (hacking other packages)
Package scrhack Info: loading listings hack on input line 183.

("C:\Users\Paul\AppData\Local\Programs\MiKTeX 2.9\tex/latex/koma-script\listing
s.hak"
File: listings.hak 2020/04/19 v3.30 KOMA-Script scrhack part (hacking package l
istings)
Package tocbasic Info: setting babel extension for `lol' on input line 143.
Package scrhack Info: redefining \lstlistoflistings on input line 143.
)
Package scrhack Info: loading setspace hack on input line 197.

("C:\Users\Paul\AppData\Local\Programs\MiKTeX 2.9\tex/latex/koma-script\setspac
e.hak"
File: setspace.hak 2020/04/19 v3.30 KOMA-Script scrhack part (hacking package s
etspace)
))
Package scrhack Info: hyperref hack deactivated because of
(scrhack)             detection of KOMA-Script class, that doesn't
(scrhack)             need that hack, on input line 196.

("C:\Users\Paul\AppData\Local\Programs\MiKTeX 2.9\tex/latex/hyperref\hyperref.s
ty"
Package: hyperref 2020/01/14 v7.00d Hypertext links for LaTeX

("C:\Users\Paul\AppData\Local\Programs\MiKTeX 2.9\tex/generic/kvdefinekeys\kvde
finekeys.sty"
Package: kvdefinekeys 2019-12-19 v1.6 Define keys (HO)
)
("C:\Users\Paul\AppData\Local\Programs\MiKTeX 2.9\tex/generic/pdfescape\pdfesca
pe.sty"
Package: pdfescape 2019/12/09 v1.15 Implements pdfTeX's escape features (HO)
)
("C:\Users\Paul\AppData\Local\Programs\MiKTeX 2.9\tex/latex/hycolor\hycolor.sty
"
Package: hycolor 2020-01-27 v1.10 Color options for hyperref/bookmark (HO)
)
("C:\Users\Paul\AppData\Local\Programs\MiKTeX 2.9\tex/latex/letltxmacro\letltxm
acro.sty"
Package: letltxmacro 2019/12/03 v1.6 Let assignment for LaTeX macros (HO)
)
("C:\Users\Paul\AppData\Local\Programs\MiKTeX 2.9\tex/latex/auxhook\auxhook.sty
"
Package: auxhook 2019-12-17 v1.6 Hooks for auxiliary files (HO)
)
\@linkdim=\dimen304
\Hy@linkcounter=\count478
\Hy@pagecounter=\count479

("C:\Users\Paul\AppData\Local\Programs\MiKTeX 2.9\tex/latex/hyperref\pd1enc.def
"
File: pd1enc.def 2020/01/14 v7.00d Hyperref: PDFDocEncoding definition (HO)
Now handling font encoding PD1 ...
... no UTF-8 mapping file for font encoding PD1
)
("C:\Users\Paul\AppData\Local\Programs\MiKTeX 2.9\tex/generic/intcalc\intcalc.s
ty"
Package: intcalc 2019/12/15 v1.3 Expandable calculations with integers (HO)
)
("C:\Users\Paul\AppData\Local\Programs\MiKTeX 2.9\tex/generic/etexcmds\etexcmds
.sty"
Package: etexcmds 2019/12/15 v1.7 Avoid name clashes with e-TeX commands (HO)
)
\Hy@SavedSpaceFactor=\count480
Package hyperref Info: Hyper figures OFF on input line 4547.
Package hyperref Info: Link nesting OFF on input line 4552.
Package hyperref Info: Hyper index ON on input line 4555.
Package hyperref Info: Plain pages OFF on input line 4562.
Package hyperref Info: Backreferencing OFF on input line 4567.
Package hyperref Info: Implicit mode ON; LaTeX internals redefined.
Package hyperref Info: Bookmarks ON on input line 4800.
\c@Hy@tempcnt=\count481
LaTeX Info: Redefining \url on input line 5159.
\XeTeXLinkMargin=\dimen305

("C:\Users\Paul\AppData\Local\Programs\MiKTeX 2.9\tex/generic/bitset\bitset.sty
"
Package: bitset 2019/12/09 v1.3 Handle bit-vector datatype (HO)

("C:\Users\Paul\AppData\Local\Programs\MiKTeX 2.9\tex/generic/bigintcalc\bigint
calc.sty"
Package: bigintcalc 2019/12/15 v1.5 Expandable calculations on big integers (HO
)
))
\Fld@menulength=\count482
\Field@Width=\dimen306
\Fld@charsize=\dimen307
Package hyperref Info: Hyper figures OFF on input line 6430.
Package hyperref Info: Link nesting OFF on input line 6435.
Package hyperref Info: Hyper index ON on input line 6438.
Package hyperref Info: backreferencing OFF on input line 6445.
Package hyperref Info: Link coloring OFF on input line 6450.
Package hyperref Info: Link coloring with OCG OFF on input line 6455.
Package hyperref Info: PDF/A mode OFF on input line 6460.
LaTeX Info: Redefining \ref on input line 6500.
LaTeX Info: Redefining \pageref on input line 6504.

("C:\Users\Paul\AppData\Local\Programs\MiKTeX 2.9\tex/generic/atbegshi\atbegshi
.sty"
Package: atbegshi 2019/12/05 v1.19 At begin shipout hook (HO)
)
\Hy@abspage=\count483
\c@Item=\count484
\c@Hfootnote=\count485
)
Package hyperref Info: Driver (autodetected): hpdftex.

("C:\Users\Paul\AppData\Local\Programs\MiKTeX 2.9\tex/latex/hyperref\hpdftex.de
f"
File: hpdftex.def 2020/01/14 v7.00d Hyperref driver for pdfTeX

("C:\Users\Paul\AppData\Local\Programs\MiKTeX 2.9\tex/latex/atveryend\atveryend
.sty"
Package: atveryend 2019-12-11 v1.11 Hooks at the very end of document (HO)
)
\Fld@listcount=\count486
\c@bookmark@seq@number=\count487

("C:\Users\Paul\AppData\Local\Programs\MiKTeX 2.9\tex/latex/rerunfilecheck\reru
nfilecheck.sty"
Package: rerunfilecheck 2019/12/05 v1.9 Rerun checks for auxiliary files (HO)

("C:\Users\Paul\AppData\Local\Programs\MiKTeX 2.9\tex/generic/uniquecounter\uni
quecounter.sty"
Package: uniquecounter 2019/12/15 v1.4 Provide unlimited unique counter (HO)
)
Package uniquecounter Info: New unique counter `rerunfilecheck' on input line 2
86.
)
\Hy@SectionHShift=\skip91
)
Package csquotes Info: Checking for multilingual support...
Package csquotes Info: ... found 'babel' package.
Package csquotes Info: Adjusting default style.
Package csquotes Info: Redefining alias 'default' -> 'ngerman'.
 (00_Bachelorarbeit_Paul_Theuer.aux (01_Titelseite.aux)
(02_Erklaerung.aux) (03_Einleitung.aux) (04_Patente.aux) (05_Jaffe.aux)
(06_Stuart.aux) (07_TopicModeling.aux

LaTeX Warning: Label `coequ1' multiply defined.

) (A_Appendix.aux))
\openout1 = `00_Bachelorarbeit_Paul_Theuer.aux'.

LaTeX Font Info:    Checking defaults for OML/ntxmi/m/it on input line 198.
LaTeX Font Info:    Trying to load font information for OML+ntxmi on input line
 198.

("C:\Users\Paul\AppData\Local\Programs\MiKTeX 2.9\tex/latex/newtx\omlntxmi.fd"
File: omlntxmi.fd 2015/08/25 Fontinst v1.933 font definitions for OML/ntxmi.
)
LaTeX Font Info:    ... okay on input line 198.
LaTeX Font Info:    Checking defaults for OMS/cmsy/m/n on input line 198.
LaTeX Font Info:    ... okay on input line 198.
LaTeX Font Info:    Checking defaults for OT1/cmr/m/n on input line 198.
LaTeX Font Info:    ... okay on input line 198.
LaTeX Font Info:    Checking defaults for T1/cmr/m/n on input line 198.
LaTeX Font Info:    ... okay on input line 198.
LaTeX Font Info:    Checking defaults for TS1/cmr/m/n on input line 198.
LaTeX Font Info:    ... okay on input line 198.
LaTeX Font Info:    Checking defaults for OMX/cmex/m/n on input line 198.
LaTeX Font Info:    ... okay on input line 198.
LaTeX Font Info:    Checking defaults for U/ntxexa/m/n on input line 198.
LaTeX Font Info:    Trying to load font information for U+ntxexa on input line 
198.
("C:\Users\Paul\AppData\Local\Programs\MiKTeX 2.9\tex/latex/newtx\untxexa.fd"
File: untxexa.fd 2012/04/16 Fontinst v1.933 font definitions for U/ntxexa.
)
LaTeX Font Info:    ... okay on input line 198.
LaTeX Font Info:    Checking defaults for LMS/ntxsy/m/n on input line 198.
LaTeX Font Info:    Trying to load font information for LMS+ntxsy on input line
 198.

("C:\Users\Paul\AppData\Local\Programs\MiKTeX 2.9\tex/latex/newtx\lmsntxsy.fd"
File: lmsntxsy.fd 2016/07/02 Fontinst v1.933 font definitions for LMS/ntxsy.
)
LaTeX Font Info:    ... okay on input line 198.
LaTeX Font Info:    Checking defaults for LMX/ntxexx/m/n on input line 198.
LaTeX Font Info:    Trying to load font information for LMX+ntxexx on input lin
e 198.
("C:\Users\Paul\AppData\Local\Programs\MiKTeX 2.9\tex/latex/newtx\lmxntxexx.fd"
File: lmxntxexx.fd 2016/07/03 Fontinst v1.933 font definitions for LMX/ntxexx.
)
LaTeX Font Info:    ... okay on input line 198.
LaTeX Font Info:    Checking defaults for PD1/pdf/m/n on input line 198.
LaTeX Font Info:    ... okay on input line 198.

*geometry* driver: auto-detecting
*geometry* detected driver: pdftex
*geometry* verbose mode - [ preamble ] result:
* driver: pdftex
* paper: <default>
* layout: <same size as paper>
* layoutoffset:(h,v)=(0.0pt,0.0pt)
* modes: 
* h-part:(L,W,R)=(71.13188pt, 455.24417pt, 71.13188pt)
* v-part:(T,H,B)=(71.13188pt, 702.78317pt, 71.13188pt)
* \paperwidth=597.50793pt
* \paperheight=845.04694pt
* \textwidth=455.24417pt
* \textheight=702.78317pt
* \oddsidemargin=-1.1381pt
* \evensidemargin=-1.1381pt
* \topmargin=-41.0131pt
* \headheight=18.125pt
* \headsep=21.75pt
* \topskip=12.0pt
* \footskip=50.75pt
* \marginparwidth=49.79233pt
* \marginparsep=12.8401pt
* \columnsep=10.0pt
* \skip\footins=10.8pt plus 4.0pt minus 2.0pt
* \hoffset=0.0pt
* \voffset=0.0pt
* \mag=1000
* \@twocolumnfalse
* \@twosidefalse
* \@mparswitchfalse
* \@reversemarginfalse
* (1in=72.27pt=25.4mm, 1cm=28.453pt)

\c@mv@tabular=\count488
\c@mv@boldtabular=\count489

("C:\Users\Paul\AppData\Local\Programs\MiKTeX 2.9\tex/context/base/mkii\supp-pd
f.mkii"
[Loading MPS to PDF converter (version 2006.09.02).]
\scratchcounter=\count490
\scratchdimen=\dimen308
\scratchbox=\box66
\nofMPsegments=\count491
\nofMParguments=\count492
\everyMPshowfont=\toks46
\MPscratchCnt=\count493
\MPscratchDim=\dimen309
\MPnumerator=\count494
\makeMPintoPDFobject=\count495
\everyMPtoPDFconversion=\toks47
)
("C:\Users\Paul\AppData\Local\Programs\MiKTeX 2.9\tex/latex/epstopdf-pkg\epstop
df-base.sty"
Package: epstopdf-base 2020-01-24 v2.11 Base part for package epstopdf
Package epstopdf-base Info: Redefining graphics rule for `.eps' on input line 4
85.
) ABD: EveryShipout initializing macros
Package caption Info: Begin \AtBeginDocument code.
Package caption Info: hyperref package is loaded.
Package caption Info: listings package is loaded.
Package caption Info: End \AtBeginDocument code.
Package biblatex Info: Trying to load language 'ngerman'...
Package biblatex Info: ... file 'ngerman.lbx' found.

("C:\Users\Paul\AppData\Local\Programs\MiKTeX 2.9\tex/latex/biblatex/lbx\ngerma
n.lbx"
File: ngerman.lbx 2019/12/01 v3.14 biblatex localization (PK/MW)
Package biblatex Info: Trying to load language 'german'...
Package biblatex Info: ... file 'german.lbx' found.

("C:\Users\Paul\AppData\Local\Programs\MiKTeX 2.9\tex/latex/biblatex/lbx\german
.lbx"
File: german.lbx 2019/12/01 v3.14 biblatex localization (PK/MW)
)
Package biblatex Info: Trying to load language 'german'...
Package biblatex Info: ... file 'german.lbx' found.

("C:\Users\Paul\AppData\Local\Programs\MiKTeX 2.9\tex/latex/biblatex/lbx\german
.lbx"
File: german.lbx 2019/12/01 v3.14 biblatex localization (PK/MW)
))
Package biblatex Info: Input encoding 'utf8' detected.
Package biblatex Info: Data encoding 'utf-8' specified.
(biblatex)             Backend will reencode on the fly.
\openout4 = `00_Bachelorarbeit_Paul_Theuer.bcf'.

Package biblatex Info: Trying to load bibliographic data...
Package biblatex Info: ... file '00_Bachelorarbeit_Paul_Theuer.bbl' found.
 (00_Bachelorarbeit_Paul_Theuer.bbl

Package biblatex Warning: The following entry could not be found
(biblatex)                in the database:
(biblatex)                jaffe1989technological
(biblatex)                Please verify the spelling and rerun
(biblatex)                LaTeX afterwards.

)
Package biblatex Info: Reference section=0 on input line 198.
Package biblatex Info: Reference segment=0 on input line 198.
\c@lstlisting=\count496
Package scrhack Info: undefining \float@addtolists on input line 198.
\AtBeginShipoutBox=\box67
Package hyperref Info: Link coloring OFF on input line 198.

("C:\Users\Paul\AppData\Local\Programs\MiKTeX 2.9\tex/latex/hyperref\nameref.st
y"
Package: nameref 2019/09/16 v2.46 Cross-referencing by name of section

("C:\Users\Paul\AppData\Local\Programs\MiKTeX 2.9\tex/latex/refcount\refcount.s
ty"
Package: refcount 2019/12/15 v3.6 Data extraction from label references (HO)
)
("C:\Users\Paul\AppData\Local\Programs\MiKTeX 2.9\tex/generic/gettitlestring\ge
ttitlestring.sty"
Package: gettitlestring 2019/12/15 v1.6 Cleanup title references (HO)
)
\c@section@level=\count497
)
LaTeX Info: Redefining \ref on input line 198.
LaTeX Info: Redefining \pageref on input line 198.
LaTeX Info: Redefining \nameref on input line 198.
 (00_Bachelorarbeit_Paul_Theuer.out)
(00_Bachelorarbeit_Paul_Theuer.out)
\@outlinefile=\write5
\openout5 = `00_Bachelorarbeit_Paul_Theuer.out'.

Class scrreprt Info: loading recommended package `bookmark'.
(scrreprt)           Using `bookmark' together with `hyperref' is recommended,
(scrreprt)           because of handling of possible bookmark level gaps.
(scrreprt)           You can avoid loading `bookmark' with KOMA-Script option
(scrreprt)           `bookmarkpackage=false' before \begin{document} and
(scrreprt)           you can avoid this message adding:
(scrreprt)             \usepackage{bookmark}
(scrreprt)           before \begin{document} on input line 198.

("C:\Users\Paul\AppData\Local\Programs\MiKTeX 2.9\tex/latex/bookmark\bookmark.s
ty"
Package: bookmark 2019/12/03 v1.28 PDF bookmarks (HO)

("C:\Users\Paul\AppData\Local\Programs\MiKTeX 2.9\tex/latex/bookmark\bkm-pdftex
.def"
File: bkm-pdftex.def 2019/12/03 v1.28 bookmark driver for pdfTeX (HO)
Package auxhook Info: \AddLineBeginMainAux comes a little late,
(auxhook)             because the main .aux file is already opened on input lin
e 168.
\BKM@id=\count498
))
\openout2 = `01_Titelseite.aux'.

 (01_Titelseite.tex
LaTeX Font Info:    Trying to load font information for T1+qhv on input line 5.


("C:\Users\Paul\AppData\Local\Programs\MiKTeX 2.9\tex/latex/tex-gyre\t1qhv.fd"
File: t1qhv.fd 2009/09/25 v1.2 font definition file for T1/qhv
)
LaTeX Font Info:    Font shape `T1/qhv/m/n' will be
(Font)              scaled to size 10.79993pt on input line 5.
<logos/kitlogo_de_rgb.pdf, id=6, 196.91472pt x 90.65388pt>
File: logos/kitlogo_de_rgb.pdf Graphic file (type pdf)
<use logos/kitlogo_de_rgb.pdf>
Package pdftex.def Info: logos/kitlogo_de_rgb.pdf  used on input line 13.
(pdftex.def)             Requested size: 112.03384pt x 51.5764pt.
<logos/ECON.png, id=7, 219.82124pt x 175.40532pt>
File: logos/ECON.png Graphic file (type png)
<use logos/ECON.png>
Package pdftex.def Info: logos/ECON.png  used on input line 39.
(pdftex.def)             Requested size: 76.55637pt x 61.08765pt.
LaTeX Font Info:    Font shape `T1/qhv/m/n' will be
(Font)              scaled to size 7.19995pt on input line 57.
LaTeX Font Info:    Font shape `T1/qhv/m/n' will be
(Font)              scaled to size 15.55188pt on input line 66.
LaTeX Font Info:    Font shape `T1/qhv/b/n' will be
(Font)              scaled to size 15.55188pt on input line 66.
LaTeX Font Info:    Font shape `T1/qhv/m/n' will be
(Font)              scaled to size 22.39185pt on input line 77.
LaTeX Font Info:    Font shape `T1/qhv/b/n' will be
(Font)              scaled to size 22.39185pt on input line 77.
LaTeX Font Info:    Font shape `T1/qhv/m/n' will be
(Font)              scaled to size 12.9599pt on input line 82.
LaTeX Font Info:    Font shape `T1/qhv/b/n' will be
(Font)              scaled to size 12.9599pt on input line 119.
LaTeX Font Info:    Trying to load font information for OT1+ntxtlf on input lin
e 124.
("C:\Users\Paul\AppData\Local\Programs\MiKTeX 2.9\tex/latex/newtx\ot1ntxtlf.fd"
File: ot1ntxtlf.fd 2015/01/17 v1.0 font definition file for OT1/ntx/tlf
)
LaTeX Font Info:    Font shape `OT1/ntxtlf/m/n' will be
(Font)              scaled to size 12.0pt on input line 124.
LaTeX Font Info:    Font shape `OT1/ntxtlf/m/n' will be
(Font)              scaled to size 8.8pt on input line 124.
LaTeX Font Info:    Font shape `OT1/ntxtlf/m/n' will be
(Font)              scaled to size 6.6pt on input line 124.
LaTeX Font Info:    Trying to load font information for U+msa on input line 124
.
 ("C:\Users\Paul\AppData\Local\Programs\MiKTeX 2.9\tex/latex/amsfonts\umsa.fd"
File: umsa.fd 2013/01/14 v3.01 AMS symbols A
)
LaTeX Font Info:    Trying to load font information for U+msb on input line 124
.
 ("C:\Users\Paul\AppData\Local\Programs\MiKTeX 2.9\tex/latex/amsfonts\umsb.fd"
File: umsb.fd 2013/01/14 v3.01 AMS symbols B
)
LaTeX Font Info:    Trying to load font information for U+ntxmia on input line 
124.
 ("C:\Users\Paul\AppData\Local\Programs\MiKTeX 2.9\tex/latex/newtx\untxmia.fd"
File: untxmia.fd 2018/04/14 Fontinst v1.933 font definitions for U/ntxmia.
)
LaTeX Font Info:    Trying to load font information for U+ntxsym on input line 
124.
 ("C:\Users\Paul\AppData\Local\Programs\MiKTeX 2.9\tex/latex/newtx\untxsym.fd"
File: untxsym.fd 2015/03/20 Fontinst v1.933 font definitions for U/ntxsym.
)
LaTeX Font Info:    Trying to load font information for U+ntxsyc on input line 
124.
 ("C:\Users\Paul\AppData\Local\Programs\MiKTeX 2.9\tex/latex/newtx\untxsyc.fd"
File: untxsyc.fd 2012/04/12 Fontinst v1.933 font definitions for U/ntxsyc.
)
LaTeX Font Info:    Font shape `T1/qhv/b/n' will be
(Font)              scaled to size 10.79993pt on input line 126.
 [1




{C:/Users/Paul/AppData/Local/MiKTeX/2.9/pdftex/config/pdftex.map} <./logos/kitl
ogo_de_rgb.pdf> <./logos/ECON.png (PNG copy)>])
\openout2 = `02_Erklaerung.aux'.

 (02_Erklaerung.tex)
[2


] (00_Bachelorarbeit_Paul_Theuer.toc
LaTeX Font Info:    Font shape `T1/ntxtlf/m/it' will be
(Font)              scaled to size 12.0pt on input line 62.
 [3


])
\tf@toc=\write6
\openout6 = `00_Bachelorarbeit_Paul_Theuer.toc'.

 [4]
(00_Bachelorarbeit_Paul_Theuer.lof
LaTeX Font Info:    Font shape `T1/ntxtlf/m/n' will be
(Font)              scaled to size 8.8pt on input line 8.
LaTeX Font Info:    Font shape `T1/ntxtlf/m/n' will be
(Font)              scaled to size 6.6pt on input line 8.
 [5

])
\tf@lof=\write7
\openout7 = `00_Bachelorarbeit_Paul_Theuer.lof'.

 [6] (00_Bachelorarbeit_Paul_Theuer.lot)
\tf@lot=\write8
\openout8 = `00_Bachelorarbeit_Paul_Theuer.lot'.

[7

]
\openout2 = `03_Einleitung.aux'.

 (03_Einleitung.tex
chapter 1.
LaTeX Font Info:    Font shape `T1/ntxtlf/m/n' will be
(Font)              scaled to size 10.0pt on input line 9.
LaTeX Font Info:    Font shape `OT1/ntxtlf/m/n' will be
(Font)              scaled to size 10.0pt on input line 9.
LaTeX Font Info:    Font shape `OT1/ntxtlf/m/n' will be
(Font)              scaled to size 7.3pt on input line 9.
LaTeX Font Info:    Font shape `OT1/ntxtlf/m/n' will be
(Font)              scaled to size 5.5pt on input line 9.
LaTeX Font Info:    Font shape `T1/ntxtlf/m/n' will be
(Font)              scaled to size 7.3pt on input line 9.

LaTeX Warning: Citation 'almeida1997exploration' on page 1 undefined on input l
ine 11.

LaTeX Font Info:    Font shape `T1/ntxtlf/b/n' will be
(Font)              scaled to size 12.0pt on input line 11.

LaTeX Warning: Citation 'zehtabchi2019measuring' on page 1 undefined on input l
ine 11.


LaTeX Warning: Citation 'alstott2017mapping' on page 1 undefined on input line 
11.

[1




]) [2]
\openout2 = `04_Patente.aux'.

 (04_Patente.tex
chapter 2.
[3



]
Underfull \hbox (badness 10000) in paragraph at lines 24--25

 []

<files/numyears.PNG, id=276, 486.31688pt x 350.81062pt>
File: files/numyears.PNG Graphic file (type png)
<use files/numyears.PNG>
Package pdftex.def Info: files/numyears.PNG  used on input line 28.
(pdftex.def)             Requested size: 455.24417pt x 328.39702pt.
LaTeX Font Info:    Font shape `T1/ntxtlf/b/n' will be
(Font)              scaled to size 10.0pt on input line 29.
LaTeX Font Info:    Font shape `T1/ntxtlf/m/n' will be
(Font)              scaled to size 5.5pt on input line 29.
) [4] [5 <./files/numyears.PNG>]
\openout2 = `05_Jaffe.aux'.

 (05_Jaffe.tex
chapter 3.
[6



]
Underfull \hbox (badness 10000) in paragraph at lines 29--30

 []

[7]
Underfull \hbox (badness 10000) in paragraph at lines 38--39

 []


Underfull \hbox (badness 10000) in paragraph at lines 40--41

 []


Underfull \hbox (badness 10000) in paragraph at lines 44--45

 []


Underfull \hbox (badness 10000) in paragraph at lines 48--51

 []

[8]
Underfull \hbox (badness 10000) in paragraph at lines 52--53

 []

[9]
Underfull \hbox (badness 10000) in paragraph at lines 74--75

 []


Underfull \hbox (badness 10000) in paragraph at lines 77--78

 []


Underfull \hbox (badness 10000) in paragraph at lines 80--81

 []

[10]
Underfull \hbox (badness 10000) in paragraph at lines 82--84

 []


Package hyperref Warning: Token not allowed in a PDF string (PDFDocEncoding):
(hyperref)                removing `\textcite' on input line 91.


Underfull \hbox (badness 10000) in paragraph at lines 94--96

 []

[11]
<files/top10.PNG, id=358, 468.24937pt x 347.04657pt>
File: files/top10.PNG Graphic file (type png)
<use files/top10.PNG>
Package pdftex.def Info: files/top10.PNG  used on input line 99.
(pdftex.def)             Requested size: 455.24417pt x 337.42378pt.

Underfull \hbox (badness 10000) in paragraph at lines 104--105

 []

[12]
<files/cpcnum15.PNG, id=367, 470.50781pt x 347.79938pt>
File: files/cpcnum15.PNG Graphic file (type png)
<use files/cpcnum15.PNG>
Package pdftex.def Info: files/cpcnum15.PNG  used on input line 115.
(pdftex.def)             Requested size: 455.24417pt x 336.52118pt.
 [13 <./files/top10.PNG>]
Underfull \hbox (badness 10000) in paragraph at lines 128--129

 []

\g__nicematrix_max_cell_width_dim=\dimen310
\l__nicematrix_cell_box=\box68
\c@iRow=\count499
\c@jCol=\count500
\g__nicematrix_row_total_int=\count501
\g__nicematrix_col_total_int=\count502
\l__nicematrix_left_delim_dim=\dimen311
\l__nicematrix_right_delim_dim=\dimen312
\l__nicematrix_the_array_box=\box69
\g__nicematrix_dp_row_zero_dim=\dimen313
\g__nicematrix_ht_row_zero_dim=\dimen314
\g__nicematrix_ht_row_one_dim=\dimen315
\g__nicematrix_dp_ante_last_row_dim=\dimen316
\g__nicematrix_ht_last_row_dim=\dimen317
\g__nicematrix_dp_last_row_dim=\dimen318
\g__nicematrix_ddots_int=\count503
\g__nicematrix_iddots_int=\count504
\g__nicematrix_delta_x_one_dim=\dimen319
\g__nicematrix_delta_y_one_dim=\dimen320
\g__nicematrix_delta_x_two_dim=\dimen321
\g__nicematrix_delta_y_two_dim=\dimen322
\l__nicematrix_initial_i_int=\count505
\l__nicematrix_initial_j_int=\count506
\l__nicematrix_final_i_int=\count507
\l__nicematrix_final_j_int=\count508
[14 <./files/cpcnum15.PNG>]
Underfull \hbox (badness 10000) in paragraph at lines 154--155

 []

[15]
("C:\Users\Paul\AppData\Local\Programs\MiKTeX 2.9\tex/latex/listings\lstlang1.s
ty"
File: lstlang1.sty 2020/03/24 1.8d listings language file
)
LaTeX Font Info:    Trying to load font information for T1+ntxtt on input line 
166.

("C:\Users\Paul\AppData\Local\Programs\MiKTeX 2.9\tex/latex/newtx\t1ntxtt.fd"
File: t1ntxtt.fd 2012/04/20 v3.1
)
LaTeX Font Info:    Font shape `T1/ntxtt/m/n' will be
(Font)              scaled to size 12.0pt on input line 166.
LaTeX Font Info:    Font shape `T1/ntxtt/m/n' will be
(Font)              scaled to size 8.0pt on input line 166.
LaTeX Font Info:    Font shape `T1/ntxtlf/m/n' will be
(Font)              scaled to size 8.0pt on input line 167.
LaTeX Font Info:    Trying to load font information for T1+txtt on input line 1
68.

("C:\Users\Paul\AppData\Local\Programs\MiKTeX 2.9\tex/latex/txfonts\t1txtt.fd"
File: t1txtt.fd 2000/12/15 v3.1
)
LaTeX Font Info:    Font shape `T1/ntxtt/b/n' in size <8> not available
(Font)              Font shape `T1/txtt/bx/n' tried instead on input line 168.
[16]
<files/mdsjaffe1.PNG, id=431, 407.27156pt x 326.72063pt>
File: files/mdsjaffe1.PNG Graphic file (type png)
<use files/mdsjaffe1.PNG>
Package pdftex.def Info: files/mdsjaffe1.PNG  used on input line 206.
(pdftex.def)             Requested size: 455.24417pt x 365.22166pt.

Underfull \hbox (badness 10000) in paragraph at lines 214--215

 []

[17 <./files/mdsjaffe1.PNG>]

LaTeX Warning: Reference `jaffe:zeit' on page 18 undefined on input line 220.


Underfull \hbox (badness 10000) in paragraph at lines 222--223

 []

[18]
<files/mdsjaffe2.PNG, id=450, 752.8125pt x 326.72063pt>
File: files/mdsjaffe2.PNG Graphic file (type png)
<use files/mdsjaffe2.PNG>
Package pdftex.def Info: files/mdsjaffe2.PNG  used on input line 229.
(pdftex.def)             Requested size: 455.24417pt x 197.57933pt.
 [19 <./files/mdsjaffe2.PNG>]
<files/mdsjaffe3.PNG, id=461, 746.79pt x 327.47343pt>
File: files/mdsjaffe3.PNG Graphic file (type png)
<use files/mdsjaffe3.PNG>
Package pdftex.def Info: files/mdsjaffe3.PNG  used on input line 250.
(pdftex.def)             Requested size: 455.24417pt x 199.62859pt.
) [20 <./files/mdsjaffe3.PNG>]
\openout2 = `06_Stuart.aux'.

 (06_Stuart.tex
chapter 4.
[21



]
Underfull \hbox (badness 10000) in paragraph at lines 19--20

 []


Package hyperref Warning: Token not allowed in a PDF string (PDFDocEncoding):
(hyperref)                removing `\textcite' on input line 24.


Underfull \hbox (badness 10000) in paragraph at lines 27--28

 []

[22]
<files/bspzit.PNG, id=491, 491.58656pt x 302.63063pt>
File: files/bspzit.PNG Graphic file (type png)
<use files/bspzit.PNG>
Package pdftex.def Info: files/bspzit.PNG  used on input line 34.
(pdftex.def)             Requested size: 364.19672pt x 224.21559pt.
 [23 <./files/bspzit.PNG>]
Underfull \hbox (badness 10000) in paragraph at lines 60--61

 []


Underfull \hbox (badness 10000) in paragraph at lines 74--75

 []

[24]
<files/mitsu.PNG, id=511, 494.59781pt x 354.57469pt>
File: files/mitsu.PNG Graphic file (type png)
<use files/mitsu.PNG>
Package pdftex.def Info: files/mitsu.PNG  used on input line 80.
(pdftex.def)             Requested size: 455.24417pt x 326.35875pt.

Underfull \hbox (badness 10000) in paragraph at lines 87--88

 []


Underfull \hbox (badness 10000) in paragraph at lines 89--90

 []

[25]

Package hyperref Warning: Token not allowed in a PDF string (PDFDocEncoding):
(hyperref)                removing `\textcite' on input line 106.

[26 <./files/mitsu.PNG>]
<files/kitbsp.PNG, id=534, 550.30594pt x 335.75438pt>
File: files/kitbsp.PNG Graphic file (type png)
<use files/kitbsp.PNG>
Package pdftex.def Info: files/kitbsp.PNG  used on input line 113.
(pdftex.def)             Requested size: 364.19672pt x 222.21335pt.

Underfull \hbox (badness 10000) in paragraph at lines 125--126

 []

[27 <./files/kitbsp.PNG>]
Underfull \hbox (badness 10000) in paragraph at lines 134--135

 []

<files/kitbsp2.PNG, id=551, 450.9347pt x 251.43938pt>
File: files/kitbsp2.PNG Graphic file (type png)
<use files/kitbsp2.PNG>
Package pdftex.def Info: files/kitbsp2.PNG  used on input line 138.
(pdftex.def)             Requested size: 364.19672pt x 203.08543pt.
[28 <./files/kitbsp2.PNG>]
Underfull \hbox (badness 10000) in paragraph at lines 150--151

 []

<files/kitbsp3.PNG, id=560, 446.41782pt x 271.0125pt>
File: files/kitbsp3.PNG Graphic file (type png)
<use files/kitbsp3.PNG>
Package pdftex.def Info: files/kitbsp3.PNG  used on input line 154.
(pdftex.def)             Requested size: 364.19672pt x 221.0986pt.

Underfull \hbox (badness 10000) in paragraph at lines 166--167

 []

[29 <./files/kitbsp3.PNG>]
Underfull \hbox (badness 10000) in paragraph at lines 179--180

 []

<files/kitbild1.PNG, id=575, 401.24907pt x 159.59625pt>
File: files/kitbild1.PNG Graphic file (type png)
<use files/kitbild1.PNG>
Package pdftex.def Info: files/kitbild1.PNG  used on input line 185.
(pdftex.def)             Requested size: 455.24417pt x 181.08438pt.

Underfull \hbox (badness 10000) in paragraph at lines 190--191

 []

[30]

Package hyperref Warning: Token not allowed in a PDF string (PDFDocEncoding):
(hyperref)                removing `\textcite' on input line 195.


Package hyperref Warning: Token not allowed in a PDF string (PDFDocEncoding):
(hyperref)                removing `\textcite' on input line 195.


Package hyperref Warning: Token not allowed in a PDF string (PDFDocEncoding):
(hyperref)                removing `\textcite' on input line 197.

<files/anzahlzit.PNG, id=593, 498.36188pt x 358.33875pt>
File: files/anzahlzit.PNG Graphic file (type png)
<use files/anzahlzit.PNG>
Package pdftex.def Info: files/anzahlzit.PNG  used on input line 205.
(pdftex.def)             Requested size: 455.24417pt x 327.34636pt.
[31 <./files/kitbild1.PNG>] [32 <./files/anzahlzit.PNG>]
<files/mdsstuart1.PNG, id=628, 417.81094pt x 358.33875pt>
File: files/mdsstuart1.PNG Graphic file (type png)
<use files/mdsstuart1.PNG>
Package pdftex.def Info: files/mdsstuart1.PNG  used on input line 243.
(pdftex.def)             Requested size: 455.24417pt x 390.46667pt.
<files/mdsstuart2.PNG, id=633, 395.22656pt x 363.60844pt>
File: files/mdsstuart2.PNG Graphic file (type png)
<use files/mdsstuart2.PNG>
Package pdftex.def Info: files/mdsstuart2.PNG  used on input line 253.
(pdftex.def)             Requested size: 455.24417pt x 418.82887pt.

Underfull \hbox (badness 10000) in paragraph at lines 258--259

 []

[33 <./files/mdsstuart1.PNG>]
Underfull \hbox (badness 10000) in paragraph at lines 260--261

 []

[34 <./files/mdsstuart2.PNG>]
Underfull \hbox (badness 10000) in paragraph at lines 262--263

 []

<files/mdsstuart3.PNG, id=648, 386.94562pt x 353.06906pt>
File: files/mdsstuart3.PNG Graphic file (type png)
<use files/mdsstuart3.PNG>
Package pdftex.def Info: files/mdsstuart3.PNG  used on input line 267.
(pdftex.def)             Requested size: 455.24417pt x 415.39493pt.

Package hyperref Warning: Token not allowed in a PDF string (PDFDocEncoding):
(hyperref)                removing `\parencite' on input line 272.


Underfull \hbox (badness 10000) in paragraph at lines 274--275

 []

[35 <./files/mdsstuart3.PNG>]
Underfull \hbox (badness 10000) in paragraph at lines 276--277

 []

<files/mdskit1.PNG, id=662, 391.4625pt x 356.83313pt>
File: files/mdskit1.PNG Graphic file (type png)
<use files/mdskit1.PNG>
Package pdftex.def Info: files/mdskit1.PNG  used on input line 282.
(pdftex.def)             Requested size: 455.24417pt x 414.9939pt.
<files/mdskit2.PNG, id=666, 382.42876pt x 348.55219pt>
File: files/mdskit2.PNG Graphic file (type png)
<use files/mdskit2.PNG>
Package pdftex.def Info: files/mdskit2.PNG  used on input line 291.
(pdftex.def)             Requested size: 455.24417pt x 414.93646pt.
[36]) [37 <./files/mdskit1.PNG>] [38 <./files/mdskit2.PNG>]
\openout2 = `07_TopicModeling.aux'.


(07_TopicModeling.tex
chapter 5.

Underfull \hbox (badness 10000) in paragraph at lines 15--16

 []

[39



]
<files/tmschab.PNG, id=690, 312.41719pt x 124.21407pt>
File: files/tmschab.PNG Graphic file (type png)
<use files/tmschab.PNG>
Package pdftex.def Info: files/tmschab.PNG  used on input line 25.
(pdftex.def)             Requested size: 364.19672pt x 144.80484pt.
 [40 <./files/tmschab.PNG>]
<files/tmbsp1.PNG, id=702, 450.9347pt x 353.82187pt>
File: files/tmbsp1.PNG Graphic file (type png)
<use files/tmbsp1.PNG>
Package pdftex.def Info: files/tmbsp1.PNG  used on input line 47.
(pdftex.def)             Requested size: 364.19672pt x 285.7789pt.

Underfull \hbox (badness 10000) in paragraph at lines 54--55

 []

<files/tmschab2.PNG, id=705, 660.21657pt x 273.27094pt>
File: files/tmschab2.PNG Graphic file (type png)
<use files/tmschab2.PNG>
Package pdftex.def Info: files/tmschab2.PNG  used on input line 58.
(pdftex.def)             Requested size: 455.24417pt x 188.4362pt.
[41]
Underfull \hbox (badness 10000) in paragraph at lines 71--72

 []

[42 <./files/tmbsp1.PNG> <./files/tmschab2.PNG>]

LaTeX Warning: Reference `appenidx:spacy' on page 43 undefined on input line 73
.


Underfull \hbox (badness 10000) in paragraph at lines 73--74

 []


Underfull \hbox (badness 10000) in paragraph at lines 75--76

 []


Underfull \hbox (badness 10000) in paragraph at lines 77--78

 []


Overfull \hbox (12.79999pt too wide) in paragraph at lines 81--84
[][] 
 []


Overfull \hbox (12.79999pt too wide) in paragraph at lines 90--93
[][] 
 []

[43]
Underfull \hbox (badness 10000) in paragraph at lines 99--100

 []

[44]
Underfull \hbox (badness 10000) in paragraph at lines 115--116

 []


LaTeX Warning: Citation 'syed2017full' on page 45 undefined on input line 117.


Overfull \hbox (18.17921pt too wide) in paragraph at lines 117--118
\T1/ntxtlf/m/n/12 xe-ren CV-score ba-sie-rend auf nor-ma-li-zed point-wi-se 
mu-tu-al in-for-ma-ti-on (NPMI) ([]).
 []

<files/coplot1.PNG, id=731, 413.29407pt x 259.7203pt>
File: files/coplot1.PNG Graphic file (type png)
<use files/coplot1.PNG>
Package pdftex.def Info: files/coplot1.PNG  used on input line 121.
(pdftex.def)             Requested size: 364.19672pt x 228.87161pt.
[45]
<files/coplot2.PNG, id=742, 426.84468pt x 255.20343pt>
File: files/coplot2.PNG Graphic file (type png)
<use files/coplot2.PNG>
Package pdftex.def Info: files/coplot2.PNG  used on input line 130.
(pdftex.def)             Requested size: 364.19672pt x 217.76117pt.
LaTeX Font Info:    Font shape `OT1/ntxtlf/m/n' will be
(Font)              scaled to size 14.4pt on input line 135.
LaTeX Font Info:    Font shape `OT1/ntxtlf/m/n' will be
(Font)              scaled to size 10.5pt on input line 135.
LaTeX Font Info:    Font shape `OT1/ntxtlf/m/n' will be
(Font)              scaled to size 7.9pt on input line 135.


Package hyperref Warning: Token not allowed in a PDF string (PDFDocEncoding):
(hyperref)                removing `math shift' on input line 135.


Package hyperref Warning: Token not allowed in a PDF string (PDFDocEncoding):
(hyperref)                removing `math shift' on input line 135.

[46 <./files/coplot1.PNG> <./files/coplot2.PNG>]
Overfull \hbox (12.79999pt too wide) in paragraph at lines 141--144
[][] 
 []


Underfull \hbox (badness 10000) in paragraph at lines 148--149

 []

<files/topic4.PNG, id=750, 364.36125pt x 183.68625pt>
File: files/topic4.PNG Graphic file (type png)
<use files/topic4.PNG>
Package pdftex.def Info: files/topic4.PNG  used on input line 152.
(pdftex.def)             Requested size: 364.19672pt x 183.61009pt.
<files/topic11.PNG, id=752, 362.10281pt x 182.93344pt>
File: files/topic11.PNG Graphic file (type png)
<use files/topic11.PNG>
Package pdftex.def Info: files/topic11.PNG  used on input line 161.
(pdftex.def)             Requested size: 364.19672pt x 183.99368pt.
<files/topic20.PNG, id=754, 359.09157pt x 181.42781pt>
File: files/topic20.PNG Graphic file (type png)
<use files/topic20.PNG>
Package pdftex.def Info: files/topic20.PNG  used on input line 170.
(pdftex.def)             Requested size: 364.19672pt x 184.02132pt.
[47] [48 <./files/topic4.PNG> <./files/topic11.PNG> <./files/topic20.PNG>]
<files/hondavektor.PNG, id=771, 478.03593pt x 207.77625pt>
File: files/hondavektor.PNG Graphic file (type png)
<use files/hondavektor.PNG>
Package pdftex.def Info: files/hondavektor.PNG  used on input line 185.
(pdftex.def)             Requested size: 455.24417pt x 197.8682pt.
<files/tmmds1.PNG, id=772, 416.30531pt x 353.82187pt>
File: files/tmmds1.PNG Graphic file (type png)
<use files/tmmds1.PNG>
Package pdftex.def Info: files/tmmds1.PNG  used on input line 194.
(pdftex.def)             Requested size: 455.24417pt x 386.93773pt.


LaTeX Warning: Reference `ch_jaffe' on page 49 undefined on input line 199.


Underfull \hbox (badness 10000) in paragraph at lines 199--200

 []

[49 <./files/hondavektor.PNG>]
<files/tmmds2.PNG, id=780, 832.61063pt x 360.59718pt>
File: files/tmmds2.PNG Graphic file (type png)
<use files/tmmds2.PNG>
Package pdftex.def Info: files/tmmds2.PNG  used on input line 203.
(pdftex.def)             Requested size: 455.24417pt x 197.16258pt.


LaTeX Warning: Reference `jaffe:zeit' on page 50 undefined on input line 208.

<files/tmmds3.PNG, id=782, 382.42876pt x 350.05782pt>
File: files/tmmds3.PNG Graphic file (type png)
<use files/tmmds3.PNG>
Package pdftex.def Info: files/tmmds3.PNG  used on input line 214.
(pdftex.def)             Requested size: 455.24417pt x 416.72885pt.
[50 <./files/tmmds1.PNG>]
<files/topictoyota.PNG, id=790, 353.82187pt x 181.42781pt>
File: files/topictoyota.PNG Graphic file (type png)
<use files/topictoyota.PNG>
Package pdftex.def Info: files/topictoyota.PNG  used on input line 225.
(pdftex.def)             Requested size: 364.19672pt x 186.75092pt.
<files/topicvw.PNG, id=791, 364.36125pt x 175.40532pt>
File: files/topicvw.PNG Graphic file (type png)
<use files/topicvw.PNG>
Package pdftex.def Info: files/topicvw.PNG  used on input line 232.
(pdftex.def)             Requested size: 364.19672pt x 175.33261pt.
) [51 <./files/tmmds2.PNG>]

LaTeX Warning: Text page 52 contains only floats.

[52 <./files/tmmds3.PNG> <./files/topictoyota.PNG>] [53 <./files/topicvw.PNG>]
\openout2 = `A_Appendix.aux'.


(A_Appendix.tex
chapter A.

Package hyperref Warning: Token not allowed in a PDF string (PDFDocEncoding):
(hyperref)                removing `\textcite' on input line 9.

[54



] [55]) [56]
chapter without number
[57


]
Package atveryend Info: Empty hook `BeforeClearDocument' on input line 265.
Package atveryend Info: Empty hook `AfterLastShipout' on input line 265.
 (00_Bachelorarbeit_Paul_Theuer.aux (01_Titelseite.aux) (02_Erklaerung.aux) (03
_Einleitung.aux) (04_Patente.aux) (05_Jaffe.aux) (06_Stuart.aux)
(07_TopicModeling.aux) (A_Appendix.aux))
Package atveryend Info: Executing hook `AtVeryEndDocument' on input line 265.
Package atveryend Info: Executing hook `AtEndAfterFileList' on input line 265.
Package rerunfilecheck Info: File `00_Bachelorarbeit_Paul_Theuer.out' has not c
hanged.
(rerunfilecheck)             Checksum: D41D8CD98F00B204E9800998ECF8427E;0.


LaTeX Warning: There were undefined references.


LaTeX Warning: There were multiply-defined labels.


Package biblatex Warning: Please (re)run Biber on the file:
(biblatex)                00_Bachelorarbeit_Paul_Theuer
(biblatex)                and rerun LaTeX afterwards.

Package logreq Info: Writing requests to '00_Bachelorarbeit_Paul_Theuer.run.xml
'.
\openout1 = `00_Bachelorarbeit_Paul_Theuer.run.xml'.

 ) 
Here is how much of TeX's memory you used:
 39657 strings out of 481005
 780626 string characters out of 2901323
 1781061 words of memory out of 3000000
 54357 multiletter control sequences out of 15000+200000
 640789 words of font info for 174 fonts, out of 3000000 for 9000
 1145 hyphenation exceptions out of 8191
 65i,20n,115p,10131b,3689s stack positions out of 5000i,500n,10000p,200000b,50000s
pdfTeX warning (dest): name{https://www.forbes.com/sites/altheachang/2011/08/
31/ford-toyota-hybrid-partnership/} has been referenced but does not exist, rep
laced by a fixed one

{C:/Users/Paul/AppData/Local/Programs/MiKTeX 2.9/fonts/enc/dvips/newtx/ntx-ec-t
lf.enc}{C:/Users/Paul/AppData/Local/Programs/MiKTeX 2.9/fonts/enc/dvips/newtx/n
tx-ot1-tlf.enc}{C:/Users/Paul/AppData/Local/Programs/MiKTeX 2.9/fonts/enc/dvips
/tex-gyre/q-ec.enc}<C:/Users/Paul/AppData/Local/Programs/MiKTeX 2.9/fonts/type1
/public/newtx/NewTXMI.pfb><C:/Users/Paul/AppData/Local/Programs/MiKTeX 2.9/font
s/type1/public/newtx/NewTXMI7.pfb><C:/Users/Paul/AppData/Local/Programs/MiKTeX 
2.9/fonts/type1/public/tex-gyre/qhvb.pfb><C:/Users/Paul/AppData/Local/Programs/
MiKTeX 2.9/fonts/type1/public/tex-gyre/qhvr.pfb><C:/Users/Paul/AppData/Local/Pr
ograms/MiKTeX 2.9/fonts/type1/public/txfonts/t1xbtt.pfb><C:/Users/Paul/AppData/
Local/Programs/MiKTeX 2.9/fonts/type1/public/txfonts/t1xtt.pfb><C:/Users/Paul/A
ppData/Local/Programs/MiKTeX 2.9/fonts/type1/public/newtx/txexs.pfb><C:/Users/P
aul/AppData/Local/Programs/MiKTeX 2.9/fonts/type1/public/newtx/txmiaX.pfb><C:/U
sers/Paul/AppData/Local/Programs/MiKTeX 2.9/fonts/type1/public/newtx/txsys.pfb>
<C:/Users/Paul/AppData/Local/Programs/MiKTeX 2.9/fonts/type1/public/newtx/ztmb.
pfb><C:/Users/Paul/AppData/Local/Programs/MiKTeX 2.9/fonts/type1/public/newtx/z
tmr.pfb><C:/Users/Paul/AppData/Local/Programs/MiKTeX 2.9/fonts/type1/public/new
tx/ztmri.pfb>
Output written on 00_Bachelorarbeit_Paul_Theuer.pdf (64 pages, 1294246 bytes).
PDF statistics:
 1202 PDF objects out of 1440 (max. 8388607)
 352 named destinations out of 1000 (max. 500000)
 599 words of extra memory for PDF output out of 10000 (max. 10000000)

